{"D:\\Utilisateurs\\MedAmineBouarrouj\\Bureau\\PFE EY\\Application\\Backoffice\\backend\\server.js": {"path":"D:\\Utilisateurs\\MedAmineBouarrouj\\Bureau\\PFE EY\\Application\\Backoffice\\backend\\server.js","statementMap":{"0":{"start":{"line":1,"column":15},"end":{"line":1,"column":33}},"1":{"start":{"line":2,"column":12},"end":{"line":2,"column":27}},"2":{"start":{"line":3,"column":17},"end":{"line":3,"column":36}},"3":{"start":{"line":5,"column":0},"end":{"line":5,"column":27}},"4":{"start":{"line":7,"column":11},"end":{"line":7,"column":20}},"5":{"start":{"line":8,"column":12},"end":{"line":8,"column":36}},"6":{"start":{"line":10,"column":0},"end":{"line":10,"column":16}},"7":{"start":{"line":11,"column":0},"end":{"line":11,"column":24}},"8":{"start":{"line":14,"column":12},"end":{"line":14,"column":33}},"9":{"start":{"line":16,"column":0},"end":{"line":22,"column":1}},"10":{"start":{"line":17,"column":4},"end":{"line":17,"column":98}},"11":{"start":{"line":18,"column":23},"end":{"line":18,"column":42}},"12":{"start":{"line":19,"column":4},"end":{"line":21,"column":7}},"13":{"start":{"line":20,"column":8},"end":{"line":20,"column":76}},"14":{"start":{"line":27,"column":23},"end":{"line":27,"column":51}},"15":{"start":{"line":28,"column":20},"end":{"line":28,"column":45}},"16":{"start":{"line":29,"column":22},"end":{"line":29,"column":50}},"17":{"start":{"line":30,"column":24},"end":{"line":30,"column":54}},"18":{"start":{"line":31,"column":22},"end":{"line":31,"column":50}},"19":{"start":{"line":32,"column":23},"end":{"line":32,"column":52}},"20":{"start":{"line":33,"column":26},"end":{"line":33,"column":60}},"21":{"start":{"line":36,"column":0},"end":{"line":36,"column":36}},"22":{"start":{"line":37,"column":0},"end":{"line":37,"column":30}},"23":{"start":{"line":38,"column":0},"end":{"line":38,"column":35}},"24":{"start":{"line":39,"column":0},"end":{"line":39,"column":39}},"25":{"start":{"line":40,"column":0},"end":{"line":40,"column":35}},"26":{"start":{"line":41,"column":0},"end":{"line":41,"column":37}},"27":{"start":{"line":42,"column":0},"end":{"line":42,"column":47}},"28":{"start":{"line":49,"column":0},"end":{"line":51,"column":7}},"29":{"start":{"line":50,"column":4},"end":{"line":50,"column":54}},"30":{"start":{"line":54,"column":0},"end":{"line":54,"column":21}}},"fnMap":{"0":{"name":"(anonymous_0)","decl":{"start":{"line":19,"column":27},"end":{"line":19,"column":28}},"loc":{"start":{"line":19,"column":31},"end":{"line":21,"column":5}},"line":19},"1":{"name":"(anonymous_1)","decl":{"start":{"line":49,"column":17},"end":{"line":49,"column":18}},"loc":{"start":{"line":49,"column":22},"end":{"line":51,"column":5}},"line":49}},"branchMap":{"0":{"loc":{"start":{"line":8,"column":12},"end":{"line":8,"column":36}},"type":"binary-expr","locations":[{"start":{"line":8,"column":12},"end":{"line":8,"column":28}},{"start":{"line":8,"column":32},"end":{"line":8,"column":36}}],"line":8},"1":{"loc":{"start":{"line":16,"column":0},"end":{"line":22,"column":1}},"type":"if","locations":[{"start":{"line":16,"column":0},"end":{"line":22,"column":1}},{"start":{"line":16,"column":0},"end":{"line":22,"column":1}}],"line":16}},"s":{"0":1,"1":1,"2":1,"3":1,"4":1,"5":1,"6":1,"7":1,"8":1,"9":1,"10":0,"11":0,"12":0,"13":0,"14":1,"15":1,"16":1,"17":1,"18":1,"19":1,"20":1,"21":1,"22":1,"23":1,"24":1,"25":1,"26":1,"27":1,"28":1,"29":0,"30":1},"f":{"0":0,"1":0},"b":{"0":[1,1],"1":[0,1]},"_coverageSchema":"1a1c01bbd47fc00a2c39e90264f33305004495a9","hash":"be4122aa967eefe904e3632d3bfb11a951e99bbf"}
,"D:\\Utilisateurs\\MedAmineBouarrouj\\Bureau\\PFE EY\\Application\\Backoffice\\backend\\Controllers\\challenge.controller.js": {"path":"D:\\Utilisateurs\\MedAmineBouarrouj\\Bureau\\PFE EY\\Application\\Backoffice\\backend\\Controllers\\challenge.controller.js","statementMap":{"0":{"start":{"line":1,"column":16},"end":{"line":1,"column":52}},"1":{"start":{"line":2,"column":14},"end":{"line":2,"column":48}},"2":{"start":{"line":3,"column":15},"end":{"line":3,"column":49}},"3":{"start":{"line":4,"column":16},"end":{"line":4,"column":51}},"4":{"start":{"line":6,"column":18},"end":{"line":6,"column":62}},"5":{"start":{"line":7,"column":14},"end":{"line":7,"column":35}},"6":{"start":{"line":8,"column":0},"end":{"line":8,"column":21}},"7":{"start":{"line":10,"column":17},"end":{"line":10,"column":47}},"8":{"start":{"line":11,"column":15},"end":{"line":11,"column":44}},"9":{"start":{"line":12,"column":23},"end":{"line":12,"column":68}},"10":{"start":{"line":14,"column":17},"end":{"line":14,"column":58}},"11":{"start":{"line":16,"column":0},"end":{"line":40,"column":2}},"12":{"start":{"line":17,"column":16},"end":{"line":17,"column":28}},"13":{"start":{"line":18,"column":24},"end":{"line":18,"column":44}},"14":{"start":{"line":19,"column":22},"end":{"line":19,"column":40}},"15":{"start":{"line":20,"column":22},"end":{"line":20,"column":41}},"16":{"start":{"line":22,"column":25},"end":{"line":27,"column":6}},"17":{"start":{"line":29,"column":4},"end":{"line":39,"column":57}},"18":{"start":{"line":31,"column":12},"end":{"line":36,"column":14}},"19":{"start":{"line":32,"column":16},"end":{"line":35,"column":43}},"20":{"start":{"line":35,"column":31},"end":{"line":35,"column":42}},"21":{"start":{"line":39,"column":21},"end":{"line":39,"column":56}},"22":{"start":{"line":42,"column":0},"end":{"line":60,"column":2}},"23":{"start":{"line":43,"column":4},"end":{"line":59,"column":59}},"24":{"start":{"line":58,"column":27},"end":{"line":58,"column":46}},"25":{"start":{"line":59,"column":22},"end":{"line":59,"column":57}},"26":{"start":{"line":62,"column":0},"end":{"line":66,"column":1}},"27":{"start":{"line":63,"column":4},"end":{"line":65,"column":61}},"28":{"start":{"line":64,"column":27},"end":{"line":64,"column":46}},"29":{"start":{"line":65,"column":22},"end":{"line":65,"column":59}},"30":{"start":{"line":68,"column":0},"end":{"line":106,"column":1}},"31":{"start":{"line":69,"column":4},"end":{"line":105,"column":61}},"32":{"start":{"line":71,"column":28},"end":{"line":71,"column":95}},"33":{"start":{"line":71,"column":61},"end":{"line":71,"column":94}},"34":{"start":{"line":73,"column":12},"end":{"line":82,"column":13}},"35":{"start":{"line":75,"column":16},"end":{"line":81,"column":18}},"36":{"start":{"line":76,"column":20},"end":{"line":79,"column":31}},"37":{"start":{"line":84,"column":12},"end":{"line":84,"column":41}},"38":{"start":{"line":85,"column":12},"end":{"line":85,"column":57}},"39":{"start":{"line":86,"column":12},"end":{"line":86,"column":53}},"40":{"start":{"line":88,"column":12},"end":{"line":100,"column":14}},"41":{"start":{"line":89,"column":16},"end":{"line":98,"column":22}},"42":{"start":{"line":91,"column":24},"end":{"line":97,"column":25}},"43":{"start":{"line":93,"column":28},"end":{"line":96,"column":39}},"44":{"start":{"line":101,"column":12},"end":{"line":103,"column":69}},"45":{"start":{"line":102,"column":28},"end":{"line":102,"column":58}},"46":{"start":{"line":103,"column":30},"end":{"line":103,"column":67}},"47":{"start":{"line":105,"column":22},"end":{"line":105,"column":59}},"48":{"start":{"line":108,"column":0},"end":{"line":126,"column":1}},"49":{"start":{"line":109,"column":4},"end":{"line":125,"column":61}},"50":{"start":{"line":124,"column":27},"end":{"line":124,"column":46}},"51":{"start":{"line":125,"column":22},"end":{"line":125,"column":59}},"52":{"start":{"line":128,"column":0},"end":{"line":156,"column":1}},"53":{"start":{"line":129,"column":4},"end":{"line":155,"column":61}},"54":{"start":{"line":131,"column":12},"end":{"line":136,"column":14}},"55":{"start":{"line":132,"column":16},"end":{"line":135,"column":27}},"56":{"start":{"line":137,"column":12},"end":{"line":142,"column":14}},"57":{"start":{"line":138,"column":16},"end":{"line":141,"column":27}},"58":{"start":{"line":144,"column":12},"end":{"line":152,"column":14}},"59":{"start":{"line":145,"column":16},"end":{"line":151,"column":18}},"60":{"start":{"line":146,"column":20},"end":{"line":150,"column":21}},"61":{"start":{"line":147,"column":24},"end":{"line":147,"column":40}},"62":{"start":{"line":149,"column":24},"end":{"line":149,"column":40}},"63":{"start":{"line":155,"column":22},"end":{"line":155,"column":59}},"64":{"start":{"line":158,"column":0},"end":{"line":184,"column":1}},"65":{"start":{"line":159,"column":4},"end":{"line":183,"column":17}},"66":{"start":{"line":161,"column":12},"end":{"line":180,"column":14}},"67":{"start":{"line":162,"column":16},"end":{"line":179,"column":73}},"68":{"start":{"line":164,"column":24},"end":{"line":177,"column":37}},"69":{"start":{"line":167,"column":42},"end":{"line":167,"column":44}},"70":{"start":{"line":168,"column":32},"end":{"line":169,"column":70}},"71":{"start":{"line":169,"column":36},"end":{"line":169,"column":70}},"72":{"start":{"line":171,"column":32},"end":{"line":174,"column":43}},"73":{"start":{"line":179,"column":34},"end":{"line":179,"column":71}},"74":{"start":{"line":181,"column":12},"end":{"line":181,"column":31}},"75":{"start":{"line":186,"column":0},"end":{"line":197,"column":2}},"76":{"start":{"line":187,"column":23},"end":{"line":187,"column":79}},"77":{"start":{"line":189,"column":23},"end":{"line":189,"column":66}},"78":{"start":{"line":190,"column":4},"end":{"line":196,"column":59}},"79":{"start":{"line":195,"column":27},"end":{"line":195,"column":46}},"80":{"start":{"line":196,"column":22},"end":{"line":196,"column":57}}},"fnMap":{"0":{"name":"(anonymous_0)","decl":{"start":{"line":16,"column":32},"end":{"line":16,"column":33}},"loc":{"start":{"line":16,"column":51},"end":{"line":40,"column":1}},"line":16},"1":{"name":"(anonymous_1)","decl":{"start":{"line":30,"column":14},"end":{"line":30,"column":15}},"loc":{"start":{"line":30,"column":28},"end":{"line":38,"column":9}},"line":30},"2":{"name":"(anonymous_2)","decl":{"start":{"line":31,"column":37},"end":{"line":31,"column":38}},"loc":{"start":{"line":31,"column":46},"end":{"line":36,"column":13}},"line":31},"3":{"name":"(anonymous_3)","decl":{"start":{"line":35,"column":26},"end":{"line":35,"column":27}},"loc":{"start":{"line":35,"column":31},"end":{"line":35,"column":42}},"line":35},"4":{"name":"(anonymous_4)","decl":{"start":{"line":39,"column":15},"end":{"line":39,"column":16}},"loc":{"start":{"line":39,"column":21},"end":{"line":39,"column":56}},"line":39},"5":{"name":"(anonymous_5)","decl":{"start":{"line":42,"column":25},"end":{"line":42,"column":26}},"loc":{"start":{"line":42,"column":44},"end":{"line":60,"column":1}},"line":42},"6":{"name":"(anonymous_6)","decl":{"start":{"line":58,"column":14},"end":{"line":58,"column":15}},"loc":{"start":{"line":58,"column":27},"end":{"line":58,"column":46}},"line":58},"7":{"name":"(anonymous_7)","decl":{"start":{"line":59,"column":15},"end":{"line":59,"column":16}},"loc":{"start":{"line":59,"column":22},"end":{"line":59,"column":57}},"line":59},"8":{"name":"(anonymous_8)","decl":{"start":{"line":62,"column":31},"end":{"line":62,"column":32}},"loc":{"start":{"line":62,"column":51},"end":{"line":66,"column":1}},"line":62},"9":{"name":"(anonymous_9)","decl":{"start":{"line":64,"column":14},"end":{"line":64,"column":15}},"loc":{"start":{"line":64,"column":27},"end":{"line":64,"column":46}},"line":64},"10":{"name":"(anonymous_10)","decl":{"start":{"line":65,"column":15},"end":{"line":65,"column":16}},"loc":{"start":{"line":65,"column":22},"end":{"line":65,"column":59}},"line":65},"11":{"name":"(anonymous_11)","decl":{"start":{"line":68,"column":31},"end":{"line":68,"column":32}},"loc":{"start":{"line":68,"column":49},"end":{"line":106,"column":1}},"line":68},"12":{"name":"(anonymous_12)","decl":{"start":{"line":70,"column":14},"end":{"line":70,"column":15}},"loc":{"start":{"line":70,"column":27},"end":{"line":104,"column":9}},"line":70},"13":{"name":"(anonymous_13)","decl":{"start":{"line":71,"column":56},"end":{"line":71,"column":57}},"loc":{"start":{"line":71,"column":61},"end":{"line":71,"column":94}},"line":71},"14":{"name":"(anonymous_14)","decl":{"start":{"line":75,"column":29},"end":{"line":75,"column":30}},"loc":{"start":{"line":75,"column":32},"end":{"line":81,"column":17}},"line":75},"15":{"name":"(anonymous_15)","decl":{"start":{"line":88,"column":37},"end":{"line":88,"column":38}},"loc":{"start":{"line":88,"column":43},"end":{"line":100,"column":13}},"line":88},"16":{"name":"(anonymous_16)","decl":{"start":{"line":90,"column":26},"end":{"line":90,"column":27}},"loc":{"start":{"line":90,"column":35},"end":{"line":98,"column":21}},"line":90},"17":{"name":"(anonymous_17)","decl":{"start":{"line":102,"column":22},"end":{"line":102,"column":23}},"loc":{"start":{"line":102,"column":28},"end":{"line":102,"column":58}},"line":102},"18":{"name":"(anonymous_18)","decl":{"start":{"line":103,"column":23},"end":{"line":103,"column":24}},"loc":{"start":{"line":103,"column":30},"end":{"line":103,"column":67}},"line":103},"19":{"name":"(anonymous_19)","decl":{"start":{"line":105,"column":15},"end":{"line":105,"column":16}},"loc":{"start":{"line":105,"column":22},"end":{"line":105,"column":59}},"line":105},"20":{"name":"(anonymous_20)","decl":{"start":{"line":108,"column":25},"end":{"line":108,"column":26}},"loc":{"start":{"line":108,"column":43},"end":{"line":126,"column":1}},"line":108},"21":{"name":"(anonymous_21)","decl":{"start":{"line":124,"column":14},"end":{"line":124,"column":15}},"loc":{"start":{"line":124,"column":27},"end":{"line":124,"column":46}},"line":124},"22":{"name":"(anonymous_22)","decl":{"start":{"line":125,"column":15},"end":{"line":125,"column":16}},"loc":{"start":{"line":125,"column":22},"end":{"line":125,"column":59}},"line":125},"23":{"name":"(anonymous_23)","decl":{"start":{"line":128,"column":27},"end":{"line":128,"column":28}},"loc":{"start":{"line":128,"column":45},"end":{"line":156,"column":1}},"line":128},"24":{"name":"(anonymous_24)","decl":{"start":{"line":130,"column":14},"end":{"line":130,"column":15}},"loc":{"start":{"line":130,"column":28},"end":{"line":154,"column":9}},"line":130},"25":{"name":"(anonymous_25)","decl":{"start":{"line":131,"column":37},"end":{"line":131,"column":38}},"loc":{"start":{"line":131,"column":46},"end":{"line":136,"column":13}},"line":131},"26":{"name":"(anonymous_26)","decl":{"start":{"line":137,"column":37},"end":{"line":137,"column":38}},"loc":{"start":{"line":137,"column":50},"end":{"line":142,"column":13}},"line":137},"27":{"name":"(anonymous_27)","decl":{"start":{"line":144,"column":38},"end":{"line":144,"column":39}},"loc":{"start":{"line":144,"column":50},"end":{"line":152,"column":13}},"line":144},"28":{"name":"(anonymous_28)","decl":{"start":{"line":145,"column":52},"end":{"line":145,"column":53}},"loc":{"start":{"line":145,"column":73},"end":{"line":151,"column":17}},"line":145},"29":{"name":"(anonymous_29)","decl":{"start":{"line":155,"column":15},"end":{"line":155,"column":16}},"loc":{"start":{"line":155,"column":22},"end":{"line":155,"column":59}},"line":155},"30":{"name":"(anonymous_30)","decl":{"start":{"line":158,"column":32},"end":{"line":158,"column":33}},"loc":{"start":{"line":158,"column":52},"end":{"line":184,"column":1}},"line":158},"31":{"name":"(anonymous_31)","decl":{"start":{"line":160,"column":14},"end":{"line":160,"column":15}},"loc":{"start":{"line":160,"column":30},"end":{"line":182,"column":9}},"line":160},"32":{"name":"(anonymous_32)","decl":{"start":{"line":161,"column":27},"end":{"line":161,"column":28}},"loc":{"start":{"line":161,"column":47},"end":{"line":180,"column":13}},"line":161},"33":{"name":"(anonymous_33)","decl":{"start":{"line":163,"column":26},"end":{"line":163,"column":27}},"loc":{"start":{"line":163,"column":31},"end":{"line":178,"column":21}},"line":163},"34":{"name":"(anonymous_34)","decl":{"start":{"line":166,"column":34},"end":{"line":166,"column":35}},"loc":{"start":{"line":166,"column":42},"end":{"line":176,"column":29}},"line":166},"35":{"name":"(anonymous_35)","decl":{"start":{"line":179,"column":27},"end":{"line":179,"column":28}},"loc":{"start":{"line":179,"column":34},"end":{"line":179,"column":71}},"line":179},"36":{"name":"(anonymous_36)","decl":{"start":{"line":186,"column":36},"end":{"line":186,"column":37}},"loc":{"start":{"line":186,"column":55},"end":{"line":197,"column":1}},"line":186},"37":{"name":"(anonymous_37)","decl":{"start":{"line":195,"column":14},"end":{"line":195,"column":15}},"loc":{"start":{"line":195,"column":27},"end":{"line":195,"column":46}},"line":195},"38":{"name":"(anonymous_38)","decl":{"start":{"line":196,"column":15},"end":{"line":196,"column":16}},"loc":{"start":{"line":196,"column":22},"end":{"line":196,"column":57}},"line":196}},"branchMap":{"0":{"loc":{"start":{"line":73,"column":12},"end":{"line":82,"column":13}},"type":"if","locations":[{"start":{"line":73,"column":12},"end":{"line":82,"column":13}},{"start":{"line":73,"column":12},"end":{"line":82,"column":13}}],"line":73},"1":{"loc":{"start":{"line":91,"column":24},"end":{"line":97,"column":25}},"type":"if","locations":[{"start":{"line":91,"column":24},"end":{"line":97,"column":25}},{"start":{"line":91,"column":24},"end":{"line":97,"column":25}}],"line":91},"2":{"loc":{"start":{"line":146,"column":20},"end":{"line":150,"column":21}},"type":"if","locations":[{"start":{"line":146,"column":20},"end":{"line":150,"column":21}},{"start":{"line":146,"column":20},"end":{"line":150,"column":21}}],"line":146},"3":{"loc":{"start":{"line":168,"column":32},"end":{"line":169,"column":70}},"type":"if","locations":[{"start":{"line":168,"column":32},"end":{"line":169,"column":70}},{"start":{"line":168,"column":32},"end":{"line":169,"column":70}}],"line":168},"4":{"loc":{"start":{"line":187,"column":23},"end":{"line":187,"column":79}},"type":"cond-expr","locations":[{"start":{"line":187,"column":45},"end":{"line":187,"column":74}},{"start":{"line":187,"column":77},"end":{"line":187,"column":79}}],"line":187},"5":{"loc":{"start":{"line":189,"column":23},"end":{"line":189,"column":66}},"type":"cond-expr","locations":[{"start":{"line":189,"column":39},"end":{"line":189,"column":62}},{"start":{"line":189,"column":65},"end":{"line":189,"column":66}}],"line":189}},"s":{"0":1,"1":1,"2":1,"3":1,"4":1,"5":1,"6":1,"7":1,"8":1,"9":1,"10":1,"11":1,"12":0,"13":0,"14":0,"15":0,"16":0,"17":0,"18":0,"19":0,"20":0,"21":0,"22":1,"23":0,"24":0,"25":0,"26":1,"27":0,"28":0,"29":0,"30":1,"31":0,"32":0,"33":0,"34":0,"35":0,"36":0,"37":0,"38":0,"39":0,"40":0,"41":0,"42":0,"43":0,"44":0,"45":0,"46":0,"47":0,"48":1,"49":0,"50":0,"51":0,"52":1,"53":0,"54":0,"55":0,"56":0,"57":0,"58":0,"59":0,"60":0,"61":0,"62":0,"63":0,"64":1,"65":0,"66":0,"67":0,"68":0,"69":0,"70":0,"71":0,"72":0,"73":0,"74":0,"75":1,"76":0,"77":0,"78":0,"79":0,"80":0},"f":{"0":0,"1":0,"2":0,"3":0,"4":0,"5":0,"6":0,"7":0,"8":0,"9":0,"10":0,"11":0,"12":0,"13":0,"14":0,"15":0,"16":0,"17":0,"18":0,"19":0,"20":0,"21":0,"22":0,"23":0,"24":0,"25":0,"26":0,"27":0,"28":0,"29":0,"30":0,"31":0,"32":0,"33":0,"34":0,"35":0,"36":0,"37":0,"38":0},"b":{"0":[0,0],"1":[0,0],"2":[0,0],"3":[0,0],"4":[0,0],"5":[0,0]},"_coverageSchema":"1a1c01bbd47fc00a2c39e90264f33305004495a9","hash":"886ca614099e76514e98a56f52b01450500d7e9e"}
,"D:\\Utilisateurs\\MedAmineBouarrouj\\Bureau\\PFE EY\\Application\\Backoffice\\backend\\Controllers\\domaine.controller.js": {"path":"D:\\Utilisateurs\\MedAmineBouarrouj\\Bureau\\PFE EY\\Application\\Backoffice\\backend\\Controllers\\domaine.controller.js","statementMap":{"0":{"start":{"line":1,"column":15},"end":{"line":1,"column":49}},"1":{"start":{"line":2,"column":17},"end":{"line":2,"column":53}},"2":{"start":{"line":3,"column":15},"end":{"line":3,"column":49}},"3":{"start":{"line":4,"column":15},"end":{"line":4,"column":49}},"4":{"start":{"line":5,"column":16},"end":{"line":5,"column":51}},"5":{"start":{"line":7,"column":18},"end":{"line":7,"column":62}},"6":{"start":{"line":8,"column":14},"end":{"line":8,"column":35}},"7":{"start":{"line":9,"column":0},"end":{"line":9,"column":21}},"8":{"start":{"line":11,"column":17},"end":{"line":11,"column":47}},"9":{"start":{"line":12,"column":15},"end":{"line":12,"column":44}},"10":{"start":{"line":13,"column":23},"end":{"line":13,"column":68}},"11":{"start":{"line":15,"column":17},"end":{"line":15,"column":58}},"12":{"start":{"line":17,"column":0},"end":{"line":32,"column":2}},"13":{"start":{"line":18,"column":16},"end":{"line":18,"column":28}},"14":{"start":{"line":19,"column":24},"end":{"line":19,"column":44}},"15":{"start":{"line":20,"column":22},"end":{"line":20,"column":40}},"16":{"start":{"line":23,"column":23},"end":{"line":27,"column":6}},"17":{"start":{"line":29,"column":4},"end":{"line":31,"column":60}},"18":{"start":{"line":30,"column":27},"end":{"line":30,"column":44}},"19":{"start":{"line":31,"column":22},"end":{"line":31,"column":59}},"20":{"start":{"line":34,"column":0},"end":{"line":48,"column":2}},"21":{"start":{"line":35,"column":4},"end":{"line":47,"column":61}},"22":{"start":{"line":46,"column":26},"end":{"line":46,"column":44}},"23":{"start":{"line":47,"column":22},"end":{"line":47,"column":59}},"24":{"start":{"line":50,"column":0},"end":{"line":54,"column":2}},"25":{"start":{"line":51,"column":4},"end":{"line":53,"column":61}},"26":{"start":{"line":52,"column":26},"end":{"line":52,"column":44}},"27":{"start":{"line":53,"column":22},"end":{"line":53,"column":59}},"28":{"start":{"line":56,"column":0},"end":{"line":70,"column":1}},"29":{"start":{"line":57,"column":4},"end":{"line":69,"column":61}},"30":{"start":{"line":59,"column":12},"end":{"line":59,"column":39}},"31":{"start":{"line":60,"column":12},"end":{"line":60,"column":55}},"32":{"start":{"line":61,"column":12},"end":{"line":61,"column":51}},"33":{"start":{"line":63,"column":12},"end":{"line":65,"column":69}},"34":{"start":{"line":64,"column":28},"end":{"line":64,"column":56}},"35":{"start":{"line":65,"column":30},"end":{"line":65,"column":67}},"36":{"start":{"line":69,"column":22},"end":{"line":69,"column":59}},"37":{"start":{"line":72,"column":0},"end":{"line":89,"column":1}},"38":{"start":{"line":73,"column":4},"end":{"line":88,"column":61}},"39":{"start":{"line":75,"column":12},"end":{"line":85,"column":14}},"40":{"start":{"line":76,"column":16},"end":{"line":83,"column":22}},"41":{"start":{"line":78,"column":24},"end":{"line":78,"column":40}},"42":{"start":{"line":79,"column":24},"end":{"line":79,"column":47}},"43":{"start":{"line":80,"column":24},"end":{"line":82,"column":81}},"44":{"start":{"line":81,"column":40},"end":{"line":81,"column":68}},"45":{"start":{"line":82,"column":42},"end":{"line":82,"column":79}},"46":{"start":{"line":88,"column":22},"end":{"line":88,"column":59}},"47":{"start":{"line":91,"column":0},"end":{"line":105,"column":1}},"48":{"start":{"line":92,"column":4},"end":{"line":104,"column":61}},"49":{"start":{"line":103,"column":25},"end":{"line":103,"column":42}},"50":{"start":{"line":104,"column":22},"end":{"line":104,"column":59}},"51":{"start":{"line":107,"column":0},"end":{"line":111,"column":1}},"52":{"start":{"line":108,"column":4},"end":{"line":110,"column":61}},"53":{"start":{"line":109,"column":25},"end":{"line":109,"column":42}},"54":{"start":{"line":110,"column":22},"end":{"line":110,"column":59}},"55":{"start":{"line":113,"column":0},"end":{"line":135,"column":1}},"56":{"start":{"line":114,"column":4},"end":{"line":134,"column":61}},"57":{"start":{"line":116,"column":12},"end":{"line":121,"column":14}},"58":{"start":{"line":117,"column":16},"end":{"line":120,"column":27}},"59":{"start":{"line":123,"column":12},"end":{"line":131,"column":14}},"60":{"start":{"line":124,"column":16},"end":{"line":130,"column":18}},"61":{"start":{"line":125,"column":20},"end":{"line":129,"column":21}},"62":{"start":{"line":126,"column":24},"end":{"line":126,"column":40}},"63":{"start":{"line":128,"column":24},"end":{"line":128,"column":56}},"64":{"start":{"line":134,"column":22},"end":{"line":134,"column":59}},"65":{"start":{"line":137,"column":0},"end":{"line":163,"column":1}},"66":{"start":{"line":138,"column":4},"end":{"line":162,"column":17}},"67":{"start":{"line":140,"column":12},"end":{"line":159,"column":14}},"68":{"start":{"line":141,"column":16},"end":{"line":158,"column":73}},"69":{"start":{"line":143,"column":24},"end":{"line":156,"column":37}},"70":{"start":{"line":146,"column":42},"end":{"line":146,"column":44}},"71":{"start":{"line":147,"column":32},"end":{"line":148,"column":70}},"72":{"start":{"line":148,"column":36},"end":{"line":148,"column":70}},"73":{"start":{"line":150,"column":32},"end":{"line":153,"column":43}},"74":{"start":{"line":158,"column":34},"end":{"line":158,"column":71}},"75":{"start":{"line":160,"column":12},"end":{"line":160,"column":31}}},"fnMap":{"0":{"name":"(anonymous_0)","decl":{"start":{"line":17,"column":30},"end":{"line":17,"column":31}},"loc":{"start":{"line":17,"column":50},"end":{"line":32,"column":1}},"line":17},"1":{"name":"(anonymous_1)","decl":{"start":{"line":30,"column":14},"end":{"line":30,"column":15}},"loc":{"start":{"line":30,"column":27},"end":{"line":30,"column":44}},"line":30},"2":{"name":"(anonymous_2)","decl":{"start":{"line":31,"column":15},"end":{"line":31,"column":16}},"loc":{"start":{"line":31,"column":22},"end":{"line":31,"column":59}},"line":31},"3":{"name":"(anonymous_3)","decl":{"start":{"line":34,"column":23},"end":{"line":34,"column":24}},"loc":{"start":{"line":34,"column":43},"end":{"line":48,"column":1}},"line":34},"4":{"name":"(anonymous_4)","decl":{"start":{"line":46,"column":14},"end":{"line":46,"column":15}},"loc":{"start":{"line":46,"column":26},"end":{"line":46,"column":44}},"line":46},"5":{"name":"(anonymous_5)","decl":{"start":{"line":47,"column":15},"end":{"line":47,"column":16}},"loc":{"start":{"line":47,"column":22},"end":{"line":47,"column":59}},"line":47},"6":{"name":"(anonymous_6)","decl":{"start":{"line":50,"column":29},"end":{"line":50,"column":30}},"loc":{"start":{"line":50,"column":49},"end":{"line":54,"column":1}},"line":50},"7":{"name":"(anonymous_7)","decl":{"start":{"line":52,"column":14},"end":{"line":52,"column":15}},"loc":{"start":{"line":52,"column":26},"end":{"line":52,"column":44}},"line":52},"8":{"name":"(anonymous_8)","decl":{"start":{"line":53,"column":15},"end":{"line":53,"column":16}},"loc":{"start":{"line":53,"column":22},"end":{"line":53,"column":59}},"line":53},"9":{"name":"(anonymous_9)","decl":{"start":{"line":56,"column":30},"end":{"line":56,"column":31}},"loc":{"start":{"line":56,"column":50},"end":{"line":70,"column":1}},"line":56},"10":{"name":"(anonymous_10)","decl":{"start":{"line":58,"column":14},"end":{"line":58,"column":15}},"loc":{"start":{"line":58,"column":25},"end":{"line":68,"column":9}},"line":58},"11":{"name":"(anonymous_11)","decl":{"start":{"line":64,"column":22},"end":{"line":64,"column":23}},"loc":{"start":{"line":64,"column":28},"end":{"line":64,"column":56}},"line":64},"12":{"name":"(anonymous_12)","decl":{"start":{"line":65,"column":23},"end":{"line":65,"column":24}},"loc":{"start":{"line":65,"column":30},"end":{"line":65,"column":67}},"line":65},"13":{"name":"(anonymous_13)","decl":{"start":{"line":69,"column":15},"end":{"line":69,"column":16}},"loc":{"start":{"line":69,"column":22},"end":{"line":69,"column":59}},"line":69},"14":{"name":"(anonymous_14)","decl":{"start":{"line":72,"column":28},"end":{"line":72,"column":29}},"loc":{"start":{"line":72,"column":48},"end":{"line":89,"column":1}},"line":72},"15":{"name":"(anonymous_15)","decl":{"start":{"line":74,"column":14},"end":{"line":74,"column":15}},"loc":{"start":{"line":74,"column":26},"end":{"line":87,"column":9}},"line":74},"16":{"name":"(anonymous_16)","decl":{"start":{"line":75,"column":25},"end":{"line":75,"column":26}},"loc":{"start":{"line":75,"column":37},"end":{"line":85,"column":13}},"line":75},"17":{"name":"(anonymous_17)","decl":{"start":{"line":77,"column":26},"end":{"line":77,"column":27}},"loc":{"start":{"line":77,"column":37},"end":{"line":83,"column":21}},"line":77},"18":{"name":"(anonymous_18)","decl":{"start":{"line":81,"column":34},"end":{"line":81,"column":35}},"loc":{"start":{"line":81,"column":40},"end":{"line":81,"column":68}},"line":81},"19":{"name":"(anonymous_19)","decl":{"start":{"line":82,"column":35},"end":{"line":82,"column":36}},"loc":{"start":{"line":82,"column":42},"end":{"line":82,"column":79}},"line":82},"20":{"name":"(anonymous_20)","decl":{"start":{"line":88,"column":15},"end":{"line":88,"column":16}},"loc":{"start":{"line":88,"column":22},"end":{"line":88,"column":59}},"line":88},"21":{"name":"(anonymous_21)","decl":{"start":{"line":91,"column":23},"end":{"line":91,"column":24}},"loc":{"start":{"line":91,"column":43},"end":{"line":105,"column":1}},"line":91},"22":{"name":"(anonymous_22)","decl":{"start":{"line":103,"column":14},"end":{"line":103,"column":15}},"loc":{"start":{"line":103,"column":25},"end":{"line":103,"column":42}},"line":103},"23":{"name":"(anonymous_23)","decl":{"start":{"line":104,"column":15},"end":{"line":104,"column":16}},"loc":{"start":{"line":104,"column":22},"end":{"line":104,"column":59}},"line":104},"24":{"name":"(anonymous_24)","decl":{"start":{"line":107,"column":29},"end":{"line":107,"column":30}},"loc":{"start":{"line":107,"column":49},"end":{"line":111,"column":1}},"line":107},"25":{"name":"(anonymous_25)","decl":{"start":{"line":109,"column":14},"end":{"line":109,"column":15}},"loc":{"start":{"line":109,"column":25},"end":{"line":109,"column":42}},"line":109},"26":{"name":"(anonymous_26)","decl":{"start":{"line":110,"column":15},"end":{"line":110,"column":16}},"loc":{"start":{"line":110,"column":22},"end":{"line":110,"column":59}},"line":110},"27":{"name":"(anonymous_27)","decl":{"start":{"line":113,"column":25},"end":{"line":113,"column":26}},"loc":{"start":{"line":113,"column":45},"end":{"line":135,"column":1}},"line":113},"28":{"name":"(anonymous_28)","decl":{"start":{"line":115,"column":14},"end":{"line":115,"column":15}},"loc":{"start":{"line":115,"column":27},"end":{"line":133,"column":9}},"line":115},"29":{"name":"(anonymous_29)","decl":{"start":{"line":116,"column":35},"end":{"line":116,"column":36}},"loc":{"start":{"line":116,"column":48},"end":{"line":121,"column":13}},"line":116},"30":{"name":"(anonymous_30)","decl":{"start":{"line":123,"column":36},"end":{"line":123,"column":37}},"loc":{"start":{"line":123,"column":48},"end":{"line":131,"column":13}},"line":123},"31":{"name":"(anonymous_31)","decl":{"start":{"line":124,"column":52},"end":{"line":124,"column":53}},"loc":{"start":{"line":124,"column":73},"end":{"line":130,"column":17}},"line":124},"32":{"name":"(anonymous_32)","decl":{"start":{"line":134,"column":15},"end":{"line":134,"column":16}},"loc":{"start":{"line":134,"column":22},"end":{"line":134,"column":59}},"line":134},"33":{"name":"(anonymous_33)","decl":{"start":{"line":137,"column":30},"end":{"line":137,"column":31}},"loc":{"start":{"line":137,"column":50},"end":{"line":163,"column":1}},"line":137},"34":{"name":"(anonymous_34)","decl":{"start":{"line":139,"column":14},"end":{"line":139,"column":15}},"loc":{"start":{"line":139,"column":28},"end":{"line":161,"column":9}},"line":139},"35":{"name":"(anonymous_35)","decl":{"start":{"line":140,"column":25},"end":{"line":140,"column":26}},"loc":{"start":{"line":140,"column":43},"end":{"line":159,"column":13}},"line":140},"36":{"name":"(anonymous_36)","decl":{"start":{"line":142,"column":26},"end":{"line":142,"column":27}},"loc":{"start":{"line":142,"column":31},"end":{"line":157,"column":21}},"line":142},"37":{"name":"(anonymous_37)","decl":{"start":{"line":145,"column":34},"end":{"line":145,"column":35}},"loc":{"start":{"line":145,"column":42},"end":{"line":155,"column":29}},"line":145},"38":{"name":"(anonymous_38)","decl":{"start":{"line":158,"column":27},"end":{"line":158,"column":28}},"loc":{"start":{"line":158,"column":34},"end":{"line":158,"column":71}},"line":158}},"branchMap":{"0":{"loc":{"start":{"line":125,"column":20},"end":{"line":129,"column":21}},"type":"if","locations":[{"start":{"line":125,"column":20},"end":{"line":129,"column":21}},{"start":{"line":125,"column":20},"end":{"line":129,"column":21}}],"line":125},"1":{"loc":{"start":{"line":147,"column":32},"end":{"line":148,"column":70}},"type":"if","locations":[{"start":{"line":147,"column":32},"end":{"line":148,"column":70}},{"start":{"line":147,"column":32},"end":{"line":148,"column":70}}],"line":147}},"s":{"0":1,"1":1,"2":1,"3":1,"4":1,"5":1,"6":1,"7":1,"8":1,"9":1,"10":1,"11":1,"12":1,"13":0,"14":0,"15":0,"16":0,"17":0,"18":0,"19":0,"20":1,"21":0,"22":0,"23":0,"24":1,"25":0,"26":0,"27":0,"28":1,"29":0,"30":0,"31":0,"32":0,"33":0,"34":0,"35":0,"36":0,"37":1,"38":0,"39":0,"40":0,"41":0,"42":0,"43":0,"44":0,"45":0,"46":0,"47":1,"48":0,"49":0,"50":0,"51":1,"52":0,"53":0,"54":0,"55":1,"56":0,"57":0,"58":0,"59":0,"60":0,"61":0,"62":0,"63":0,"64":0,"65":1,"66":0,"67":0,"68":0,"69":0,"70":0,"71":0,"72":0,"73":0,"74":0,"75":0},"f":{"0":0,"1":0,"2":0,"3":0,"4":0,"5":0,"6":0,"7":0,"8":0,"9":0,"10":0,"11":0,"12":0,"13":0,"14":0,"15":0,"16":0,"17":0,"18":0,"19":0,"20":0,"21":0,"22":0,"23":0,"24":0,"25":0,"26":0,"27":0,"28":0,"29":0,"30":0,"31":0,"32":0,"33":0,"34":0,"35":0,"36":0,"37":0,"38":0},"b":{"0":[0,0],"1":[0,0]},"_coverageSchema":"1a1c01bbd47fc00a2c39e90264f33305004495a9","hash":"b7f252ae6a8c892c68dc2e0af5541bd1dc6a9bc7"}
,"D:\\Utilisateurs\\MedAmineBouarrouj\\Bureau\\PFE EY\\Application\\Backoffice\\backend\\Controllers\\revendication.controller.js": {"path":"D:\\Utilisateurs\\MedAmineBouarrouj\\Bureau\\PFE EY\\Application\\Backoffice\\backend\\Controllers\\revendication.controller.js","statementMap":{"0":{"start":{"line":1,"column":21},"end":{"line":1,"column":61}},"1":{"start":{"line":2,"column":15},"end":{"line":2,"column":49}},"2":{"start":{"line":3,"column":12},"end":{"line":3,"column":43}},"3":{"start":{"line":5,"column":0},"end":{"line":32,"column":2}},"4":{"start":{"line":6,"column":18},"end":{"line":6,"column":32}},"5":{"start":{"line":7,"column":20},"end":{"line":7,"column":36}},"6":{"start":{"line":8,"column":17},"end":{"line":8,"column":27}},"7":{"start":{"line":9,"column":20},"end":{"line":9,"column":25}},"8":{"start":{"line":10,"column":21},"end":{"line":10,"column":26}},"9":{"start":{"line":11,"column":22},"end":{"line":11,"column":40}},"10":{"start":{"line":12,"column":19},"end":{"line":12,"column":34}},"11":{"start":{"line":14,"column":29},"end":{"line":22,"column":6}},"12":{"start":{"line":24,"column":4},"end":{"line":31,"column":60}},"13":{"start":{"line":26,"column":12},"end":{"line":29,"column":45}},"14":{"start":{"line":29,"column":30},"end":{"line":29,"column":44}},"15":{"start":{"line":31,"column":22},"end":{"line":31,"column":59}},"16":{"start":{"line":34,"column":0},"end":{"line":47,"column":2}},"17":{"start":{"line":35,"column":4},"end":{"line":46,"column":61}},"18":{"start":{"line":45,"column":31},"end":{"line":45,"column":54}},"19":{"start":{"line":46,"column":22},"end":{"line":46,"column":59}},"20":{"start":{"line":49,"column":0},"end":{"line":60,"column":1}},"21":{"start":{"line":50,"column":4},"end":{"line":59,"column":61}},"22":{"start":{"line":52,"column":12},"end":{"line":52,"column":53}},"23":{"start":{"line":53,"column":12},"end":{"line":53,"column":55}},"24":{"start":{"line":55,"column":12},"end":{"line":57,"column":69}},"25":{"start":{"line":56,"column":28},"end":{"line":56,"column":62}},"26":{"start":{"line":57,"column":30},"end":{"line":57,"column":67}},"27":{"start":{"line":59,"column":22},"end":{"line":59,"column":59}},"28":{"start":{"line":62,"column":0},"end":{"line":74,"column":1}},"29":{"start":{"line":63,"column":4},"end":{"line":73,"column":61}},"30":{"start":{"line":72,"column":31},"end":{"line":72,"column":54}},"31":{"start":{"line":73,"column":22},"end":{"line":73,"column":59}},"32":{"start":{"line":76,"column":0},"end":{"line":80,"column":1}},"33":{"start":{"line":77,"column":4},"end":{"line":79,"column":61}},"34":{"start":{"line":78,"column":20},"end":{"line":78,"column":54}},"35":{"start":{"line":79,"column":22},"end":{"line":79,"column":59}}},"fnMap":{"0":{"name":"(anonymous_0)","decl":{"start":{"line":5,"column":36},"end":{"line":5,"column":37}},"loc":{"start":{"line":5,"column":56},"end":{"line":32,"column":1}},"line":5},"1":{"name":"(anonymous_1)","decl":{"start":{"line":25,"column":14},"end":{"line":25,"column":15}},"loc":{"start":{"line":25,"column":31},"end":{"line":30,"column":9}},"line":25},"2":{"name":"(anonymous_2)","decl":{"start":{"line":29,"column":22},"end":{"line":29,"column":23}},"loc":{"start":{"line":29,"column":30},"end":{"line":29,"column":44}},"line":29},"3":{"name":"(anonymous_3)","decl":{"start":{"line":31,"column":15},"end":{"line":31,"column":16}},"loc":{"start":{"line":31,"column":22},"end":{"line":31,"column":59}},"line":31},"4":{"name":"(anonymous_4)","decl":{"start":{"line":34,"column":29},"end":{"line":34,"column":30}},"loc":{"start":{"line":34,"column":49},"end":{"line":47,"column":1}},"line":34},"5":{"name":"(anonymous_5)","decl":{"start":{"line":45,"column":14},"end":{"line":45,"column":15}},"loc":{"start":{"line":45,"column":31},"end":{"line":45,"column":54}},"line":45},"6":{"name":"(anonymous_6)","decl":{"start":{"line":46,"column":15},"end":{"line":46,"column":16}},"loc":{"start":{"line":46,"column":22},"end":{"line":46,"column":59}},"line":46},"7":{"name":"(anonymous_7)","decl":{"start":{"line":49,"column":36},"end":{"line":49,"column":37}},"loc":{"start":{"line":49,"column":56},"end":{"line":60,"column":1}},"line":49},"8":{"name":"(anonymous_8)","decl":{"start":{"line":51,"column":14},"end":{"line":51,"column":15}},"loc":{"start":{"line":51,"column":31},"end":{"line":58,"column":9}},"line":51},"9":{"name":"(anonymous_9)","decl":{"start":{"line":56,"column":22},"end":{"line":56,"column":23}},"loc":{"start":{"line":56,"column":28},"end":{"line":56,"column":62}},"line":56},"10":{"name":"(anonymous_10)","decl":{"start":{"line":57,"column":23},"end":{"line":57,"column":24}},"loc":{"start":{"line":57,"column":30},"end":{"line":57,"column":67}},"line":57},"11":{"name":"(anonymous_11)","decl":{"start":{"line":59,"column":15},"end":{"line":59,"column":16}},"loc":{"start":{"line":59,"column":22},"end":{"line":59,"column":59}},"line":59},"12":{"name":"(anonymous_12)","decl":{"start":{"line":62,"column":29},"end":{"line":62,"column":30}},"loc":{"start":{"line":62,"column":49},"end":{"line":74,"column":1}},"line":62},"13":{"name":"(anonymous_13)","decl":{"start":{"line":72,"column":14},"end":{"line":72,"column":15}},"loc":{"start":{"line":72,"column":31},"end":{"line":72,"column":54}},"line":72},"14":{"name":"(anonymous_14)","decl":{"start":{"line":73,"column":15},"end":{"line":73,"column":16}},"loc":{"start":{"line":73,"column":22},"end":{"line":73,"column":59}},"line":73},"15":{"name":"(anonymous_15)","decl":{"start":{"line":76,"column":31},"end":{"line":76,"column":32}},"loc":{"start":{"line":76,"column":51},"end":{"line":80,"column":1}},"line":76},"16":{"name":"(anonymous_16)","decl":{"start":{"line":78,"column":14},"end":{"line":78,"column":15}},"loc":{"start":{"line":78,"column":20},"end":{"line":78,"column":54}},"line":78},"17":{"name":"(anonymous_17)","decl":{"start":{"line":79,"column":15},"end":{"line":79,"column":16}},"loc":{"start":{"line":79,"column":22},"end":{"line":79,"column":59}},"line":79}},"branchMap":{},"s":{"0":1,"1":1,"2":1,"3":1,"4":0,"5":0,"6":0,"7":0,"8":0,"9":0,"10":0,"11":0,"12":0,"13":0,"14":0,"15":0,"16":1,"17":0,"18":0,"19":0,"20":1,"21":0,"22":0,"23":0,"24":0,"25":0,"26":0,"27":0,"28":1,"29":0,"30":0,"31":0,"32":1,"33":0,"34":0,"35":0},"f":{"0":0,"1":0,"2":0,"3":0,"4":0,"5":0,"6":0,"7":0,"8":0,"9":0,"10":0,"11":0,"12":0,"13":0,"14":0,"15":0,"16":0,"17":0},"b":{},"_coverageSchema":"1a1c01bbd47fc00a2c39e90264f33305004495a9","hash":"33f6ba3acb9520656e3489d8cbe8503e1f9cc49e"}
,"D:\\Utilisateurs\\MedAmineBouarrouj\\Bureau\\PFE EY\\Application\\Backoffice\\backend\\Controllers\\secteur.controller.js": {"path":"D:\\Utilisateurs\\MedAmineBouarrouj\\Bureau\\PFE EY\\Application\\Backoffice\\backend\\Controllers\\secteur.controller.js","statementMap":{"0":{"start":{"line":1,"column":15},"end":{"line":1,"column":49}},"1":{"start":{"line":2,"column":17},"end":{"line":2,"column":53}},"2":{"start":{"line":3,"column":15},"end":{"line":3,"column":49}},"3":{"start":{"line":4,"column":15},"end":{"line":4,"column":49}},"4":{"start":{"line":6,"column":18},"end":{"line":6,"column":62}},"5":{"start":{"line":10,"column":14},"end":{"line":10,"column":35}},"6":{"start":{"line":11,"column":0},"end":{"line":11,"column":21}},"7":{"start":{"line":13,"column":17},"end":{"line":13,"column":47}},"8":{"start":{"line":14,"column":15},"end":{"line":14,"column":44}},"9":{"start":{"line":15,"column":23},"end":{"line":15,"column":68}},"10":{"start":{"line":17,"column":17},"end":{"line":17,"column":58}},"11":{"start":{"line":20,"column":0},"end":{"line":43,"column":2}},"12":{"start":{"line":21,"column":16},"end":{"line":21,"column":28}},"13":{"start":{"line":22,"column":24},"end":{"line":22,"column":44}},"14":{"start":{"line":23,"column":14},"end":{"line":23,"column":16}},"15":{"start":{"line":24,"column":4},"end":{"line":40,"column":10}},"16":{"start":{"line":26,"column":12},"end":{"line":39,"column":18}},"17":{"start":{"line":29,"column":20},"end":{"line":29,"column":54}},"18":{"start":{"line":30,"column":39},"end":{"line":34,"column":22}},"19":{"start":{"line":36,"column":20},"end":{"line":38,"column":76}},"20":{"start":{"line":37,"column":36},"end":{"line":37,"column":63}},"21":{"start":{"line":38,"column":38},"end":{"line":38,"column":75}},"22":{"start":{"line":45,"column":0},"end":{"line":59,"column":2}},"23":{"start":{"line":46,"column":4},"end":{"line":58,"column":61}},"24":{"start":{"line":57,"column":26},"end":{"line":57,"column":44}},"25":{"start":{"line":58,"column":22},"end":{"line":58,"column":59}},"26":{"start":{"line":61,"column":0},"end":{"line":65,"column":2}},"27":{"start":{"line":62,"column":4},"end":{"line":64,"column":61}},"28":{"start":{"line":63,"column":26},"end":{"line":63,"column":44}},"29":{"start":{"line":64,"column":22},"end":{"line":64,"column":59}},"30":{"start":{"line":67,"column":0},"end":{"line":78,"column":1}},"31":{"start":{"line":68,"column":4},"end":{"line":77,"column":61}},"32":{"start":{"line":70,"column":12},"end":{"line":70,"column":39}},"33":{"start":{"line":71,"column":12},"end":{"line":71,"column":55}},"34":{"start":{"line":73,"column":12},"end":{"line":75,"column":69}},"35":{"start":{"line":74,"column":28},"end":{"line":74,"column":56}},"36":{"start":{"line":75,"column":30},"end":{"line":75,"column":67}},"37":{"start":{"line":77,"column":22},"end":{"line":77,"column":59}},"38":{"start":{"line":80,"column":0},"end":{"line":94,"column":1}},"39":{"start":{"line":81,"column":4},"end":{"line":93,"column":61}},"40":{"start":{"line":92,"column":25},"end":{"line":92,"column":42}},"41":{"start":{"line":93,"column":22},"end":{"line":93,"column":59}},"42":{"start":{"line":96,"column":0},"end":{"line":108,"column":1}},"43":{"start":{"line":97,"column":4},"end":{"line":107,"column":61}},"44":{"start":{"line":99,"column":12},"end":{"line":104,"column":14}},"45":{"start":{"line":100,"column":16},"end":{"line":103,"column":27}},"46":{"start":{"line":105,"column":12},"end":{"line":105,"column":40}},"47":{"start":{"line":107,"column":22},"end":{"line":107,"column":59}},"48":{"start":{"line":110,"column":0},"end":{"line":132,"column":1}},"49":{"start":{"line":111,"column":14},"end":{"line":111,"column":16}},"50":{"start":{"line":112,"column":4},"end":{"line":119,"column":9}},"51":{"start":{"line":115,"column":16},"end":{"line":115,"column":30}},"52":{"start":{"line":116,"column":16},"end":{"line":116,"column":50}},"53":{"start":{"line":117,"column":16},"end":{"line":117,"column":39}},"54":{"start":{"line":134,"column":0},"end":{"line":150,"column":1}},"55":{"start":{"line":136,"column":16},"end":{"line":136,"column":18}},"56":{"start":{"line":137,"column":4},"end":{"line":139,"column":7}},"57":{"start":{"line":138,"column":8},"end":{"line":138,"column":50}},"58":{"start":{"line":140,"column":4},"end":{"line":142,"column":7}},"59":{"start":{"line":141,"column":8},"end":{"line":141,"column":47}},"60":{"start":{"line":143,"column":4},"end":{"line":145,"column":7}},"61":{"start":{"line":144,"column":8},"end":{"line":144,"column":47}},"62":{"start":{"line":146,"column":4},"end":{"line":149,"column":7}},"63":{"start":{"line":147,"column":8},"end":{"line":147,"column":47}},"64":{"start":{"line":148,"column":8},"end":{"line":148,"column":24}}},"fnMap":{"0":{"name":"(anonymous_0)","decl":{"start":{"line":20,"column":30},"end":{"line":20,"column":31}},"loc":{"start":{"line":20,"column":50},"end":{"line":43,"column":1}},"line":20},"1":{"name":"(anonymous_1)","decl":{"start":{"line":25,"column":14},"end":{"line":25,"column":15}},"loc":{"start":{"line":25,"column":19},"end":{"line":40,"column":9}},"line":25},"2":{"name":"(anonymous_2)","decl":{"start":{"line":28,"column":22},"end":{"line":28,"column":23}},"loc":{"start":{"line":28,"column":30},"end":{"line":39,"column":17}},"line":28},"3":{"name":"(anonymous_3)","decl":{"start":{"line":37,"column":30},"end":{"line":37,"column":31}},"loc":{"start":{"line":37,"column":36},"end":{"line":37,"column":63}},"line":37},"4":{"name":"(anonymous_4)","decl":{"start":{"line":38,"column":31},"end":{"line":38,"column":32}},"loc":{"start":{"line":38,"column":38},"end":{"line":38,"column":75}},"line":38},"5":{"name":"(anonymous_5)","decl":{"start":{"line":45,"column":23},"end":{"line":45,"column":24}},"loc":{"start":{"line":45,"column":43},"end":{"line":59,"column":1}},"line":45},"6":{"name":"(anonymous_6)","decl":{"start":{"line":57,"column":14},"end":{"line":57,"column":15}},"loc":{"start":{"line":57,"column":26},"end":{"line":57,"column":44}},"line":57},"7":{"name":"(anonymous_7)","decl":{"start":{"line":58,"column":15},"end":{"line":58,"column":16}},"loc":{"start":{"line":58,"column":22},"end":{"line":58,"column":59}},"line":58},"8":{"name":"(anonymous_8)","decl":{"start":{"line":61,"column":29},"end":{"line":61,"column":30}},"loc":{"start":{"line":61,"column":49},"end":{"line":65,"column":1}},"line":61},"9":{"name":"(anonymous_9)","decl":{"start":{"line":63,"column":14},"end":{"line":63,"column":15}},"loc":{"start":{"line":63,"column":26},"end":{"line":63,"column":44}},"line":63},"10":{"name":"(anonymous_10)","decl":{"start":{"line":64,"column":15},"end":{"line":64,"column":16}},"loc":{"start":{"line":64,"column":22},"end":{"line":64,"column":59}},"line":64},"11":{"name":"(anonymous_11)","decl":{"start":{"line":67,"column":30},"end":{"line":67,"column":31}},"loc":{"start":{"line":67,"column":50},"end":{"line":78,"column":1}},"line":67},"12":{"name":"(anonymous_12)","decl":{"start":{"line":69,"column":14},"end":{"line":69,"column":15}},"loc":{"start":{"line":69,"column":25},"end":{"line":76,"column":9}},"line":69},"13":{"name":"(anonymous_13)","decl":{"start":{"line":74,"column":22},"end":{"line":74,"column":23}},"loc":{"start":{"line":74,"column":28},"end":{"line":74,"column":56}},"line":74},"14":{"name":"(anonymous_14)","decl":{"start":{"line":75,"column":23},"end":{"line":75,"column":24}},"loc":{"start":{"line":75,"column":30},"end":{"line":75,"column":67}},"line":75},"15":{"name":"(anonymous_15)","decl":{"start":{"line":77,"column":15},"end":{"line":77,"column":16}},"loc":{"start":{"line":77,"column":22},"end":{"line":77,"column":59}},"line":77},"16":{"name":"(anonymous_16)","decl":{"start":{"line":80,"column":23},"end":{"line":80,"column":24}},"loc":{"start":{"line":80,"column":43},"end":{"line":94,"column":1}},"line":80},"17":{"name":"(anonymous_17)","decl":{"start":{"line":92,"column":14},"end":{"line":92,"column":15}},"loc":{"start":{"line":92,"column":25},"end":{"line":92,"column":42}},"line":92},"18":{"name":"(anonymous_18)","decl":{"start":{"line":93,"column":15},"end":{"line":93,"column":16}},"loc":{"start":{"line":93,"column":22},"end":{"line":93,"column":59}},"line":93},"19":{"name":"(anonymous_19)","decl":{"start":{"line":96,"column":25},"end":{"line":96,"column":26}},"loc":{"start":{"line":96,"column":45},"end":{"line":108,"column":1}},"line":96},"20":{"name":"(anonymous_20)","decl":{"start":{"line":98,"column":14},"end":{"line":98,"column":15}},"loc":{"start":{"line":98,"column":25},"end":{"line":106,"column":9}},"line":98},"21":{"name":"(anonymous_21)","decl":{"start":{"line":99,"column":37},"end":{"line":99,"column":38}},"loc":{"start":{"line":99,"column":48},"end":{"line":104,"column":13}},"line":99},"22":{"name":"(anonymous_22)","decl":{"start":{"line":107,"column":15},"end":{"line":107,"column":16}},"loc":{"start":{"line":107,"column":22},"end":{"line":107,"column":59}},"line":107},"23":{"name":"(anonymous_23)","decl":{"start":{"line":110,"column":14},"end":{"line":110,"column":15}},"loc":{"start":{"line":110,"column":34},"end":{"line":132,"column":1}},"line":110},"24":{"name":"(anonymous_24)","decl":{"start":{"line":114,"column":14},"end":{"line":114,"column":15}},"loc":{"start":{"line":114,"column":22},"end":{"line":118,"column":13}},"line":114},"25":{"name":"(anonymous_25)","decl":{"start":{"line":134,"column":17},"end":{"line":134,"column":18}},"loc":{"start":{"line":134,"column":37},"end":{"line":150,"column":1}},"line":134},"26":{"name":"(anonymous_26)","decl":{"start":{"line":137,"column":66},"end":{"line":137,"column":67}},"loc":{"start":{"line":137,"column":87},"end":{"line":139,"column":5}},"line":137},"27":{"name":"(anonymous_27)","decl":{"start":{"line":140,"column":64},"end":{"line":140,"column":65}},"loc":{"start":{"line":140,"column":85},"end":{"line":142,"column":5}},"line":140},"28":{"name":"(anonymous_28)","decl":{"start":{"line":143,"column":64},"end":{"line":143,"column":65}},"loc":{"start":{"line":143,"column":85},"end":{"line":145,"column":5}},"line":143},"29":{"name":"(anonymous_29)","decl":{"start":{"line":146,"column":64},"end":{"line":146,"column":65}},"loc":{"start":{"line":146,"column":85},"end":{"line":149,"column":5}},"line":146}},"branchMap":{},"s":{"0":1,"1":1,"2":1,"3":1,"4":1,"5":1,"6":1,"7":1,"8":1,"9":1,"10":1,"11":1,"12":1,"13":1,"14":1,"15":1,"16":1,"17":1,"18":1,"19":1,"20":1,"21":0,"22":1,"23":0,"24":0,"25":0,"26":1,"27":0,"28":0,"29":0,"30":1,"31":0,"32":0,"33":0,"34":0,"35":0,"36":0,"37":0,"38":1,"39":0,"40":0,"41":0,"42":1,"43":0,"44":0,"45":0,"46":0,"47":0,"48":1,"49":0,"50":0,"51":0,"52":0,"53":0,"54":1,"55":0,"56":0,"57":0,"58":0,"59":0,"60":0,"61":0,"62":0,"63":0,"64":0},"f":{"0":1,"1":1,"2":1,"3":1,"4":0,"5":0,"6":0,"7":0,"8":0,"9":0,"10":0,"11":0,"12":0,"13":0,"14":0,"15":0,"16":0,"17":0,"18":0,"19":0,"20":0,"21":0,"22":0,"23":0,"24":0,"25":0,"26":0,"27":0,"28":0,"29":0},"b":{},"_coverageSchema":"1a1c01bbd47fc00a2c39e90264f33305004495a9","hash":"14499ac6ecca26d84d74acbebe2bbe3f7d40ce55"}
,"D:\\Utilisateurs\\MedAmineBouarrouj\\Bureau\\PFE EY\\Application\\Backoffice\\backend\\Controllers\\startup.controller.js": {"path":"D:\\Utilisateurs\\MedAmineBouarrouj\\Bureau\\PFE EY\\Application\\Backoffice\\backend\\Controllers\\startup.controller.js","statementMap":{"0":{"start":{"line":1,"column":15},"end":{"line":1,"column":49}},"1":{"start":{"line":2,"column":15},"end":{"line":2,"column":49}},"2":{"start":{"line":3,"column":15},"end":{"line":3,"column":49}},"3":{"start":{"line":4,"column":17},"end":{"line":4,"column":53}},"4":{"start":{"line":5,"column":15},"end":{"line":5,"column":46}},"5":{"start":{"line":6,"column":13},"end":{"line":6,"column":28}},"6":{"start":{"line":7,"column":16},"end":{"line":7,"column":40}},"7":{"start":{"line":8,"column":25},"end":{"line":8,"column":69}},"8":{"start":{"line":9,"column":27},"end":{"line":9,"column":73}},"9":{"start":{"line":12,"column":0},"end":{"line":48,"column":2}},"10":{"start":{"line":13,"column":16},"end":{"line":13,"column":28}},"11":{"start":{"line":14,"column":24},"end":{"line":14,"column":44}},"12":{"start":{"line":15,"column":23},"end":{"line":15,"column":42}},"13":{"start":{"line":16,"column":25},"end":{"line":16,"column":58}},"14":{"start":{"line":17,"column":17},"end":{"line":17,"column":30}},"15":{"start":{"line":18,"column":23},"end":{"line":18,"column":42}},"16":{"start":{"line":19,"column":23},"end":{"line":19,"column":44}},"17":{"start":{"line":21,"column":23},"end":{"line":29,"column":6}},"18":{"start":{"line":31,"column":4},"end":{"line":47,"column":60}},"19":{"start":{"line":33,"column":12},"end":{"line":38,"column":14}},"20":{"start":{"line":34,"column":16},"end":{"line":37,"column":27}},"21":{"start":{"line":39,"column":12},"end":{"line":44,"column":14}},"22":{"start":{"line":40,"column":16},"end":{"line":43,"column":27}},"23":{"start":{"line":47,"column":22},"end":{"line":47,"column":59}},"24":{"start":{"line":50,"column":0},"end":{"line":63,"column":2}},"25":{"start":{"line":51,"column":4},"end":{"line":62,"column":61}},"26":{"start":{"line":61,"column":25},"end":{"line":61,"column":42}},"27":{"start":{"line":62,"column":22},"end":{"line":62,"column":59}},"28":{"start":{"line":66,"column":0},"end":{"line":129,"column":1}},"29":{"start":{"line":67,"column":4},"end":{"line":128,"column":61}},"30":{"start":{"line":70,"column":29},"end":{"line":70,"column":93}},"31":{"start":{"line":70,"column":60},"end":{"line":70,"column":92}},"32":{"start":{"line":72,"column":12},"end":{"line":80,"column":13}},"33":{"start":{"line":73,"column":16},"end":{"line":79,"column":18}},"34":{"start":{"line":74,"column":20},"end":{"line":77,"column":31}},"35":{"start":{"line":82,"column":34},"end":{"line":82,"column":102}},"36":{"start":{"line":82,"column":67},"end":{"line":82,"column":101}},"37":{"start":{"line":84,"column":12},"end":{"line":92,"column":13}},"38":{"start":{"line":85,"column":16},"end":{"line":91,"column":18}},"39":{"start":{"line":86,"column":20},"end":{"line":89,"column":31}},"40":{"start":{"line":94,"column":12},"end":{"line":94,"column":39}},"41":{"start":{"line":95,"column":12},"end":{"line":95,"column":55}},"42":{"start":{"line":96,"column":12},"end":{"line":96,"column":41}},"43":{"start":{"line":97,"column":12},"end":{"line":97,"column":53}},"44":{"start":{"line":98,"column":12},"end":{"line":98,"column":57}},"45":{"start":{"line":100,"column":12},"end":{"line":110,"column":14}},"46":{"start":{"line":101,"column":16},"end":{"line":109,"column":22}},"47":{"start":{"line":103,"column":24},"end":{"line":108,"column":25}},"48":{"start":{"line":104,"column":28},"end":{"line":107,"column":39}},"49":{"start":{"line":112,"column":12},"end":{"line":122,"column":14}},"50":{"start":{"line":113,"column":16},"end":{"line":121,"column":22}},"51":{"start":{"line":115,"column":24},"end":{"line":120,"column":25}},"52":{"start":{"line":116,"column":28},"end":{"line":119,"column":39}},"53":{"start":{"line":124,"column":12},"end":{"line":126,"column":69}},"54":{"start":{"line":125,"column":28},"end":{"line":125,"column":56}},"55":{"start":{"line":126,"column":30},"end":{"line":126,"column":67}},"56":{"start":{"line":128,"column":22},"end":{"line":128,"column":59}},"57":{"start":{"line":131,"column":0},"end":{"line":148,"column":1}},"58":{"start":{"line":132,"column":4},"end":{"line":147,"column":61}},"59":{"start":{"line":134,"column":12},"end":{"line":134,"column":39}},"60":{"start":{"line":135,"column":12},"end":{"line":135,"column":55}},"61":{"start":{"line":136,"column":12},"end":{"line":136,"column":47}},"62":{"start":{"line":137,"column":12},"end":{"line":137,"column":43}},"63":{"start":{"line":138,"column":12},"end":{"line":138,"column":47}},"64":{"start":{"line":139,"column":12},"end":{"line":139,"column":49}},"65":{"start":{"line":140,"column":12},"end":{"line":140,"column":49}},"66":{"start":{"line":141,"column":12},"end":{"line":141,"column":47}},"67":{"start":{"line":143,"column":12},"end":{"line":145,"column":69}},"68":{"start":{"line":144,"column":28},"end":{"line":144,"column":56}},"69":{"start":{"line":145,"column":30},"end":{"line":145,"column":67}},"70":{"start":{"line":147,"column":22},"end":{"line":147,"column":59}},"71":{"start":{"line":150,"column":0},"end":{"line":163,"column":1}},"72":{"start":{"line":151,"column":4},"end":{"line":162,"column":61}},"73":{"start":{"line":161,"column":25},"end":{"line":161,"column":42}},"74":{"start":{"line":162,"column":22},"end":{"line":162,"column":59}},"75":{"start":{"line":165,"column":0},"end":{"line":176,"column":2}},"76":{"start":{"line":166,"column":23},"end":{"line":166,"column":79}},"77":{"start":{"line":168,"column":23},"end":{"line":168,"column":66}},"78":{"start":{"line":169,"column":4},"end":{"line":175,"column":59}},"79":{"start":{"line":174,"column":25},"end":{"line":174,"column":42}},"80":{"start":{"line":175,"column":22},"end":{"line":175,"column":57}},"81":{"start":{"line":178,"column":0},"end":{"line":197,"column":1}},"82":{"start":{"line":179,"column":4},"end":{"line":196,"column":61}},"83":{"start":{"line":181,"column":12},"end":{"line":186,"column":14}},"84":{"start":{"line":182,"column":16},"end":{"line":185,"column":27}},"85":{"start":{"line":188,"column":12},"end":{"line":193,"column":14}},"86":{"start":{"line":189,"column":16},"end":{"line":192,"column":27}},"87":{"start":{"line":196,"column":22},"end":{"line":196,"column":59}},"88":{"start":{"line":199,"column":0},"end":{"line":220,"column":1}},"89":{"start":{"line":200,"column":4},"end":{"line":219,"column":5}},"90":{"start":{"line":201,"column":8},"end":{"line":201,"column":31}},"91":{"start":{"line":202,"column":8},"end":{"line":202,"column":31}},"92":{"start":{"line":204,"column":8},"end":{"line":206,"column":9}},"93":{"start":{"line":205,"column":12},"end":{"line":205,"column":64}},"94":{"start":{"line":208,"column":8},"end":{"line":210,"column":10}},"95":{"start":{"line":213,"column":8},"end":{"line":213,"column":27}},"96":{"start":{"line":215,"column":8},"end":{"line":217,"column":9}},"97":{"start":{"line":216,"column":12},"end":{"line":216,"column":57}},"98":{"start":{"line":218,"column":8},"end":{"line":218,"column":73}},"99":{"start":{"line":222,"column":0},"end":{"line":239,"column":1}},"100":{"start":{"line":223,"column":23},"end":{"line":223,"column":34}},"101":{"start":{"line":225,"column":4},"end":{"line":231,"column":7}},"102":{"start":{"line":226,"column":8},"end":{"line":226,"column":31}},"103":{"start":{"line":227,"column":8},"end":{"line":227,"column":57}},"104":{"start":{"line":228,"column":8},"end":{"line":228,"column":61}},"105":{"start":{"line":229,"column":8},"end":{"line":229,"column":28}},"106":{"start":{"line":232,"column":4},"end":{"line":234,"column":7}},"107":{"start":{"line":233,"column":8},"end":{"line":233,"column":37}},"108":{"start":{"line":235,"column":4},"end":{"line":237,"column":7}},"109":{"start":{"line":236,"column":8},"end":{"line":236,"column":30}},"110":{"start":{"line":242,"column":4},"end":{"line":244,"column":6}}},"fnMap":{"0":{"name":"(anonymous_0)","decl":{"start":{"line":12,"column":30},"end":{"line":12,"column":31}},"loc":{"start":{"line":12,"column":50},"end":{"line":48,"column":1}},"line":12},"1":{"name":"(anonymous_1)","decl":{"start":{"line":32,"column":14},"end":{"line":32,"column":15}},"loc":{"start":{"line":32,"column":27},"end":{"line":46,"column":9}},"line":32},"2":{"name":"(anonymous_2)","decl":{"start":{"line":33,"column":35},"end":{"line":33,"column":36}},"loc":{"start":{"line":33,"column":46},"end":{"line":38,"column":13}},"line":33},"3":{"name":"(anonymous_3)","decl":{"start":{"line":39,"column":37},"end":{"line":39,"column":38}},"loc":{"start":{"line":39,"column":50},"end":{"line":44,"column":13}},"line":39},"4":{"name":"(anonymous_4)","decl":{"start":{"line":47,"column":15},"end":{"line":47,"column":16}},"loc":{"start":{"line":47,"column":22},"end":{"line":47,"column":59}},"line":47},"5":{"name":"(anonymous_5)","decl":{"start":{"line":50,"column":23},"end":{"line":50,"column":24}},"loc":{"start":{"line":50,"column":43},"end":{"line":63,"column":1}},"line":50},"6":{"name":"(anonymous_6)","decl":{"start":{"line":61,"column":14},"end":{"line":61,"column":15}},"loc":{"start":{"line":61,"column":25},"end":{"line":61,"column":42}},"line":61},"7":{"name":"(anonymous_7)","decl":{"start":{"line":62,"column":15},"end":{"line":62,"column":16}},"loc":{"start":{"line":62,"column":22},"end":{"line":62,"column":59}},"line":62},"8":{"name":"(anonymous_8)","decl":{"start":{"line":66,"column":30},"end":{"line":66,"column":31}},"loc":{"start":{"line":66,"column":50},"end":{"line":129,"column":1}},"line":66},"9":{"name":"(anonymous_9)","decl":{"start":{"line":68,"column":14},"end":{"line":68,"column":15}},"loc":{"start":{"line":68,"column":25},"end":{"line":127,"column":9}},"line":68},"10":{"name":"(anonymous_10)","decl":{"start":{"line":70,"column":55},"end":{"line":70,"column":56}},"loc":{"start":{"line":70,"column":60},"end":{"line":70,"column":92}},"line":70},"11":{"name":"(anonymous_11)","decl":{"start":{"line":73,"column":29},"end":{"line":73,"column":30}},"loc":{"start":{"line":73,"column":34},"end":{"line":79,"column":17}},"line":73},"12":{"name":"(anonymous_12)","decl":{"start":{"line":82,"column":62},"end":{"line":82,"column":63}},"loc":{"start":{"line":82,"column":67},"end":{"line":82,"column":101}},"line":82},"13":{"name":"(anonymous_13)","decl":{"start":{"line":85,"column":34},"end":{"line":85,"column":35}},"loc":{"start":{"line":85,"column":39},"end":{"line":91,"column":17}},"line":85},"14":{"name":"(anonymous_14)","decl":{"start":{"line":100,"column":35},"end":{"line":100,"column":36}},"loc":{"start":{"line":100,"column":46},"end":{"line":110,"column":13}},"line":100},"15":{"name":"(anonymous_15)","decl":{"start":{"line":102,"column":26},"end":{"line":102,"column":27}},"loc":{"start":{"line":102,"column":37},"end":{"line":109,"column":21}},"line":102},"16":{"name":"(anonymous_16)","decl":{"start":{"line":112,"column":37},"end":{"line":112,"column":38}},"loc":{"start":{"line":112,"column":50},"end":{"line":122,"column":13}},"line":112},"17":{"name":"(anonymous_17)","decl":{"start":{"line":114,"column":26},"end":{"line":114,"column":27}},"loc":{"start":{"line":114,"column":39},"end":{"line":121,"column":21}},"line":114},"18":{"name":"(anonymous_18)","decl":{"start":{"line":125,"column":22},"end":{"line":125,"column":23}},"loc":{"start":{"line":125,"column":28},"end":{"line":125,"column":56}},"line":125},"19":{"name":"(anonymous_19)","decl":{"start":{"line":126,"column":23},"end":{"line":126,"column":24}},"loc":{"start":{"line":126,"column":30},"end":{"line":126,"column":67}},"line":126},"20":{"name":"(anonymous_20)","decl":{"start":{"line":128,"column":15},"end":{"line":128,"column":16}},"loc":{"start":{"line":128,"column":22},"end":{"line":128,"column":59}},"line":128},"21":{"name":"(anonymous_21)","decl":{"start":{"line":131,"column":35},"end":{"line":131,"column":36}},"loc":{"start":{"line":131,"column":55},"end":{"line":148,"column":1}},"line":131},"22":{"name":"(anonymous_22)","decl":{"start":{"line":133,"column":14},"end":{"line":133,"column":15}},"loc":{"start":{"line":133,"column":25},"end":{"line":146,"column":9}},"line":133},"23":{"name":"(anonymous_23)","decl":{"start":{"line":144,"column":22},"end":{"line":144,"column":23}},"loc":{"start":{"line":144,"column":28},"end":{"line":144,"column":56}},"line":144},"24":{"name":"(anonymous_24)","decl":{"start":{"line":145,"column":23},"end":{"line":145,"column":24}},"loc":{"start":{"line":145,"column":30},"end":{"line":145,"column":67}},"line":145},"25":{"name":"(anonymous_25)","decl":{"start":{"line":147,"column":15},"end":{"line":147,"column":16}},"loc":{"start":{"line":147,"column":22},"end":{"line":147,"column":59}},"line":147},"26":{"name":"(anonymous_26)","decl":{"start":{"line":150,"column":23},"end":{"line":150,"column":24}},"loc":{"start":{"line":150,"column":43},"end":{"line":163,"column":1}},"line":150},"27":{"name":"(anonymous_27)","decl":{"start":{"line":161,"column":14},"end":{"line":161,"column":15}},"loc":{"start":{"line":161,"column":25},"end":{"line":161,"column":42}},"line":161},"28":{"name":"(anonymous_28)","decl":{"start":{"line":162,"column":15},"end":{"line":162,"column":16}},"loc":{"start":{"line":162,"column":22},"end":{"line":162,"column":59}},"line":162},"29":{"name":"(anonymous_29)","decl":{"start":{"line":165,"column":34},"end":{"line":165,"column":35}},"loc":{"start":{"line":165,"column":53},"end":{"line":176,"column":1}},"line":165},"30":{"name":"(anonymous_30)","decl":{"start":{"line":174,"column":14},"end":{"line":174,"column":15}},"loc":{"start":{"line":174,"column":25},"end":{"line":174,"column":42}},"line":174},"31":{"name":"(anonymous_31)","decl":{"start":{"line":175,"column":15},"end":{"line":175,"column":16}},"loc":{"start":{"line":175,"column":22},"end":{"line":175,"column":57}},"line":175},"32":{"name":"(anonymous_32)","decl":{"start":{"line":178,"column":25},"end":{"line":178,"column":26}},"loc":{"start":{"line":178,"column":45},"end":{"line":197,"column":1}},"line":178},"33":{"name":"(anonymous_33)","decl":{"start":{"line":180,"column":14},"end":{"line":180,"column":15}},"loc":{"start":{"line":180,"column":27},"end":{"line":195,"column":9}},"line":180},"34":{"name":"(anonymous_34)","decl":{"start":{"line":181,"column":35},"end":{"line":181,"column":36}},"loc":{"start":{"line":181,"column":46},"end":{"line":186,"column":13}},"line":181},"35":{"name":"(anonymous_35)","decl":{"start":{"line":188,"column":37},"end":{"line":188,"column":38}},"loc":{"start":{"line":188,"column":50},"end":{"line":193,"column":13}},"line":188},"36":{"name":"(anonymous_36)","decl":{"start":{"line":196,"column":15},"end":{"line":196,"column":16}},"loc":{"start":{"line":196,"column":22},"end":{"line":196,"column":59}},"line":196},"37":{"name":"(anonymous_37)","decl":{"start":{"line":199,"column":22},"end":{"line":199,"column":23}},"loc":{"start":{"line":199,"column":42},"end":{"line":220,"column":1}},"line":199},"38":{"name":"(anonymous_38)","decl":{"start":{"line":222,"column":27},"end":{"line":222,"column":28}},"loc":{"start":{"line":222,"column":47},"end":{"line":239,"column":1}},"line":222},"39":{"name":"(anonymous_39)","decl":{"start":{"line":225,"column":33},"end":{"line":225,"column":34}},"loc":{"start":{"line":225,"column":43},"end":{"line":231,"column":5}},"line":225},"40":{"name":"(anonymous_40)","decl":{"start":{"line":232,"column":33},"end":{"line":232,"column":34}},"loc":{"start":{"line":232,"column":43},"end":{"line":234,"column":5}},"line":232},"41":{"name":"(anonymous_41)","decl":{"start":{"line":235,"column":34},"end":{"line":235,"column":35}},"loc":{"start":{"line":235,"column":40},"end":{"line":237,"column":5}},"line":235},"42":{"name":"runScript","decl":{"start":{"line":241,"column":9},"end":{"line":241,"column":18}},"loc":{"start":{"line":241,"column":21},"end":{"line":245,"column":1}},"line":241}},"branchMap":{"0":{"loc":{"start":{"line":72,"column":12},"end":{"line":80,"column":13}},"type":"if","locations":[{"start":{"line":72,"column":12},"end":{"line":80,"column":13}},{"start":{"line":72,"column":12},"end":{"line":80,"column":13}}],"line":72},"1":{"loc":{"start":{"line":84,"column":12},"end":{"line":92,"column":13}},"type":"if","locations":[{"start":{"line":84,"column":12},"end":{"line":92,"column":13}},{"start":{"line":84,"column":12},"end":{"line":92,"column":13}}],"line":84},"2":{"loc":{"start":{"line":103,"column":24},"end":{"line":108,"column":25}},"type":"if","locations":[{"start":{"line":103,"column":24},"end":{"line":108,"column":25}},{"start":{"line":103,"column":24},"end":{"line":108,"column":25}}],"line":103},"3":{"loc":{"start":{"line":115,"column":24},"end":{"line":120,"column":25}},"type":"if","locations":[{"start":{"line":115,"column":24},"end":{"line":120,"column":25}},{"start":{"line":115,"column":24},"end":{"line":120,"column":25}}],"line":115},"4":{"loc":{"start":{"line":166,"column":23},"end":{"line":166,"column":79}},"type":"cond-expr","locations":[{"start":{"line":166,"column":45},"end":{"line":166,"column":74}},{"start":{"line":166,"column":77},"end":{"line":166,"column":79}}],"line":166},"5":{"loc":{"start":{"line":168,"column":23},"end":{"line":168,"column":66}},"type":"cond-expr","locations":[{"start":{"line":168,"column":39},"end":{"line":168,"column":62}},{"start":{"line":168,"column":65},"end":{"line":168,"column":66}}],"line":168},"6":{"loc":{"start":{"line":204,"column":8},"end":{"line":206,"column":9}},"type":"if","locations":[{"start":{"line":204,"column":8},"end":{"line":206,"column":9}},{"start":{"line":204,"column":8},"end":{"line":206,"column":9}}],"line":204},"7":{"loc":{"start":{"line":215,"column":8},"end":{"line":217,"column":9}},"type":"if","locations":[{"start":{"line":215,"column":8},"end":{"line":217,"column":9}},{"start":{"line":215,"column":8},"end":{"line":217,"column":9}}],"line":215}},"s":{"0":1,"1":1,"2":1,"3":1,"4":1,"5":1,"6":1,"7":1,"8":1,"9":1,"10":0,"11":0,"12":0,"13":0,"14":0,"15":0,"16":0,"17":0,"18":0,"19":0,"20":0,"21":0,"22":0,"23":0,"24":1,"25":0,"26":0,"27":0,"28":1,"29":0,"30":0,"31":0,"32":0,"33":0,"34":0,"35":0,"36":0,"37":0,"38":0,"39":0,"40":0,"41":0,"42":0,"43":0,"44":0,"45":0,"46":0,"47":0,"48":0,"49":0,"50":0,"51":0,"52":0,"53":0,"54":0,"55":0,"56":0,"57":1,"58":0,"59":0,"60":0,"61":0,"62":0,"63":0,"64":0,"65":0,"66":0,"67":0,"68":0,"69":0,"70":0,"71":1,"72":0,"73":0,"74":0,"75":1,"76":0,"77":0,"78":0,"79":0,"80":0,"81":1,"82":0,"83":0,"84":0,"85":0,"86":0,"87":0,"88":1,"89":0,"90":0,"91":0,"92":0,"93":0,"94":0,"95":0,"96":0,"97":0,"98":0,"99":1,"100":0,"101":0,"102":0,"103":0,"104":0,"105":0,"106":0,"107":0,"108":0,"109":0,"110":0},"f":{"0":0,"1":0,"2":0,"3":0,"4":0,"5":0,"6":0,"7":0,"8":0,"9":0,"10":0,"11":0,"12":0,"13":0,"14":0,"15":0,"16":0,"17":0,"18":0,"19":0,"20":0,"21":0,"22":0,"23":0,"24":0,"25":0,"26":0,"27":0,"28":0,"29":0,"30":0,"31":0,"32":0,"33":0,"34":0,"35":0,"36":0,"37":0,"38":0,"39":0,"40":0,"41":0,"42":0},"b":{"0":[0,0],"1":[0,0],"2":[0,0],"3":[0,0],"4":[0,0],"5":[0,0],"6":[0,0],"7":[0,0]},"_coverageSchema":"1a1c01bbd47fc00a2c39e90264f33305004495a9","hash":"733383f6a3e3e6a2a47905d07a1c34a8bb0b85cf"}
,"D:\\Utilisateurs\\MedAmineBouarrouj\\Bureau\\PFE EY\\Application\\Backoffice\\backend\\Controllers\\tendances.controller.js": {"path":"D:\\Utilisateurs\\MedAmineBouarrouj\\Bureau\\PFE EY\\Application\\Backoffice\\backend\\Controllers\\tendances.controller.js","statementMap":{"0":{"start":{"line":1,"column":15},"end":{"line":1,"column":50}},"1":{"start":{"line":2,"column":15},"end":{"line":2,"column":49}},"2":{"start":{"line":3,"column":16},"end":{"line":3,"column":52}},"3":{"start":{"line":4,"column":14},"end":{"line":4,"column":48}},"4":{"start":{"line":6,"column":18},"end":{"line":6,"column":62}},"5":{"start":{"line":9,"column":16},"end":{"line":9,"column":34}},"6":{"start":{"line":10,"column":16},"end":{"line":10,"column":63}},"7":{"start":{"line":12,"column":0},"end":{"line":16,"column":2}},"8":{"start":{"line":13,"column":4},"end":{"line":15,"column":59}},"9":{"start":{"line":14,"column":26},"end":{"line":14,"column":44}},"10":{"start":{"line":15,"column":22},"end":{"line":15,"column":57}},"11":{"start":{"line":20,"column":0},"end":{"line":170,"column":1}},"12":{"start":{"line":21,"column":17},"end":{"line":21,"column":27}},"13":{"start":{"line":22,"column":22},"end":{"line":22,"column":79}},"14":{"start":{"line":24,"column":4},"end":{"line":169,"column":10}},"15":{"start":{"line":27,"column":12},"end":{"line":168,"column":13}},"16":{"start":{"line":29,"column":16},"end":{"line":74,"column":19}},"17":{"start":{"line":30,"column":20},"end":{"line":71,"column":22}},"18":{"start":{"line":37,"column":24},"end":{"line":69,"column":26}},"19":{"start":{"line":38,"column":28},"end":{"line":68,"column":29}},"20":{"start":{"line":39,"column":46},"end":{"line":39,"column":66}},"21":{"start":{"line":40,"column":48},"end":{"line":40,"column":70}},"22":{"start":{"line":41,"column":55},"end":{"line":41,"column":81}},"23":{"start":{"line":42,"column":46},"end":{"line":42,"column":72}},"24":{"start":{"line":43,"column":44},"end":{"line":43,"column":62}},"25":{"start":{"line":44,"column":50},"end":{"line":44,"column":75}},"26":{"start":{"line":45,"column":47},"end":{"line":45,"column":73}},"27":{"start":{"line":46,"column":50},"end":{"line":46,"column":63}},"28":{"start":{"line":47,"column":47},"end":{"line":47,"column":56}},"29":{"start":{"line":49,"column":52},"end":{"line":59,"column":34}},"30":{"start":{"line":61,"column":32},"end":{"line":67,"column":38}},"31":{"start":{"line":63,"column":40},"end":{"line":66,"column":85}},"32":{"start":{"line":66,"column":56},"end":{"line":66,"column":84}},"33":{"start":{"line":73,"column":20},"end":{"line":73,"column":39}},"34":{"start":{"line":76,"column":17},"end":{"line":168,"column":13}},"35":{"start":{"line":78,"column":16},"end":{"line":123,"column":19}},"36":{"start":{"line":79,"column":20},"end":{"line":120,"column":22}},"37":{"start":{"line":86,"column":24},"end":{"line":118,"column":26}},"38":{"start":{"line":87,"column":28},"end":{"line":117,"column":29}},"39":{"start":{"line":88,"column":46},"end":{"line":88,"column":66}},"40":{"start":{"line":89,"column":48},"end":{"line":89,"column":70}},"41":{"start":{"line":90,"column":55},"end":{"line":90,"column":81}},"42":{"start":{"line":91,"column":46},"end":{"line":91,"column":72}},"43":{"start":{"line":92,"column":44},"end":{"line":92,"column":62}},"44":{"start":{"line":93,"column":50},"end":{"line":93,"column":75}},"45":{"start":{"line":94,"column":47},"end":{"line":94,"column":73}},"46":{"start":{"line":95,"column":50},"end":{"line":95,"column":63}},"47":{"start":{"line":96,"column":47},"end":{"line":96,"column":54}},"48":{"start":{"line":98,"column":52},"end":{"line":108,"column":34}},"49":{"start":{"line":110,"column":32},"end":{"line":116,"column":38}},"50":{"start":{"line":112,"column":40},"end":{"line":115,"column":85}},"51":{"start":{"line":115,"column":56},"end":{"line":115,"column":84}},"52":{"start":{"line":122,"column":20},"end":{"line":122,"column":39}},"53":{"start":{"line":126,"column":16},"end":{"line":167,"column":18}},"54":{"start":{"line":133,"column":20},"end":{"line":165,"column":22}},"55":{"start":{"line":134,"column":24},"end":{"line":164,"column":25}},"56":{"start":{"line":135,"column":42},"end":{"line":135,"column":62}},"57":{"start":{"line":136,"column":44},"end":{"line":136,"column":66}},"58":{"start":{"line":137,"column":52},"end":{"line":137,"column":78}},"59":{"start":{"line":138,"column":43},"end":{"line":138,"column":69}},"60":{"start":{"line":139,"column":40},"end":{"line":139,"column":58}},"61":{"start":{"line":140,"column":47},"end":{"line":140,"column":72}},"62":{"start":{"line":141,"column":43},"end":{"line":141,"column":69}},"63":{"start":{"line":142,"column":46},"end":{"line":142,"column":59}},"64":{"start":{"line":143,"column":44},"end":{"line":143,"column":54}},"65":{"start":{"line":145,"column":48},"end":{"line":155,"column":30}},"66":{"start":{"line":157,"column":28},"end":{"line":163,"column":34}},"67":{"start":{"line":159,"column":36},"end":{"line":162,"column":81}},"68":{"start":{"line":162,"column":52},"end":{"line":162,"column":80}},"69":{"start":{"line":172,"column":0},"end":{"line":322,"column":1}},"70":{"start":{"line":173,"column":17},"end":{"line":173,"column":27}},"71":{"start":{"line":174,"column":22},"end":{"line":174,"column":79}},"72":{"start":{"line":176,"column":4},"end":{"line":321,"column":10}},"73":{"start":{"line":179,"column":12},"end":{"line":320,"column":13}},"74":{"start":{"line":181,"column":16},"end":{"line":226,"column":19}},"75":{"start":{"line":182,"column":20},"end":{"line":223,"column":22}},"76":{"start":{"line":189,"column":24},"end":{"line":221,"column":26}},"77":{"start":{"line":190,"column":28},"end":{"line":220,"column":29}},"78":{"start":{"line":191,"column":46},"end":{"line":191,"column":66}},"79":{"start":{"line":192,"column":48},"end":{"line":192,"column":70}},"80":{"start":{"line":193,"column":55},"end":{"line":193,"column":81}},"81":{"start":{"line":194,"column":46},"end":{"line":194,"column":72}},"82":{"start":{"line":195,"column":44},"end":{"line":195,"column":62}},"83":{"start":{"line":196,"column":50},"end":{"line":196,"column":75}},"84":{"start":{"line":197,"column":47},"end":{"line":197,"column":73}},"85":{"start":{"line":198,"column":52},"end":{"line":198,"column":65}},"86":{"start":{"line":199,"column":47},"end":{"line":199,"column":56}},"87":{"start":{"line":201,"column":52},"end":{"line":211,"column":34}},"88":{"start":{"line":213,"column":32},"end":{"line":219,"column":38}},"89":{"start":{"line":215,"column":40},"end":{"line":218,"column":85}},"90":{"start":{"line":218,"column":56},"end":{"line":218,"column":84}},"91":{"start":{"line":225,"column":20},"end":{"line":225,"column":39}},"92":{"start":{"line":228,"column":17},"end":{"line":320,"column":13}},"93":{"start":{"line":230,"column":16},"end":{"line":275,"column":19}},"94":{"start":{"line":231,"column":20},"end":{"line":272,"column":22}},"95":{"start":{"line":238,"column":24},"end":{"line":270,"column":26}},"96":{"start":{"line":239,"column":28},"end":{"line":269,"column":29}},"97":{"start":{"line":240,"column":46},"end":{"line":240,"column":66}},"98":{"start":{"line":241,"column":48},"end":{"line":241,"column":70}},"99":{"start":{"line":242,"column":55},"end":{"line":242,"column":81}},"100":{"start":{"line":243,"column":46},"end":{"line":243,"column":72}},"101":{"start":{"line":244,"column":44},"end":{"line":244,"column":62}},"102":{"start":{"line":245,"column":50},"end":{"line":245,"column":75}},"103":{"start":{"line":246,"column":47},"end":{"line":246,"column":73}},"104":{"start":{"line":247,"column":52},"end":{"line":247,"column":65}},"105":{"start":{"line":248,"column":47},"end":{"line":248,"column":54}},"106":{"start":{"line":250,"column":52},"end":{"line":260,"column":34}},"107":{"start":{"line":262,"column":32},"end":{"line":268,"column":38}},"108":{"start":{"line":264,"column":40},"end":{"line":267,"column":85}},"109":{"start":{"line":267,"column":56},"end":{"line":267,"column":84}},"110":{"start":{"line":274,"column":20},"end":{"line":274,"column":39}},"111":{"start":{"line":278,"column":16},"end":{"line":319,"column":18}},"112":{"start":{"line":285,"column":20},"end":{"line":317,"column":22}},"113":{"start":{"line":286,"column":24},"end":{"line":316,"column":25}},"114":{"start":{"line":287,"column":42},"end":{"line":287,"column":62}},"115":{"start":{"line":288,"column":44},"end":{"line":288,"column":66}},"116":{"start":{"line":289,"column":52},"end":{"line":289,"column":78}},"117":{"start":{"line":290,"column":43},"end":{"line":290,"column":69}},"118":{"start":{"line":291,"column":40},"end":{"line":291,"column":58}},"119":{"start":{"line":292,"column":47},"end":{"line":292,"column":72}},"120":{"start":{"line":293,"column":43},"end":{"line":293,"column":69}},"121":{"start":{"line":294,"column":48},"end":{"line":294,"column":61}},"122":{"start":{"line":295,"column":44},"end":{"line":295,"column":54}},"123":{"start":{"line":297,"column":48},"end":{"line":307,"column":30}},"124":{"start":{"line":309,"column":28},"end":{"line":315,"column":34}},"125":{"start":{"line":311,"column":36},"end":{"line":314,"column":81}},"126":{"start":{"line":314,"column":52},"end":{"line":314,"column":80}},"127":{"start":{"line":324,"column":0},"end":{"line":475,"column":1}},"128":{"start":{"line":325,"column":17},"end":{"line":325,"column":27}},"129":{"start":{"line":326,"column":22},"end":{"line":326,"column":79}},"130":{"start":{"line":328,"column":4},"end":{"line":474,"column":10}},"131":{"start":{"line":331,"column":12},"end":{"line":473,"column":13}},"132":{"start":{"line":334,"column":16},"end":{"line":379,"column":19}},"133":{"start":{"line":335,"column":20},"end":{"line":376,"column":22}},"134":{"start":{"line":342,"column":24},"end":{"line":374,"column":26}},"135":{"start":{"line":343,"column":28},"end":{"line":373,"column":29}},"136":{"start":{"line":344,"column":46},"end":{"line":344,"column":66}},"137":{"start":{"line":345,"column":48},"end":{"line":345,"column":70}},"138":{"start":{"line":346,"column":55},"en
[...]
,"D:\\Utilisateurs\\MedAmineBouarrouj\\Bureau\\PFE EY\\Application\\Backoffice\\backend\\Models\\tendance.model.js": {"path":"D:\\Utilisateurs\\MedAmineBouarrouj\\Bureau\\PFE EY\\Application\\Backoffice\\backend\\Models\\tendance.model.js","statementMap":{"0":{"start":{"line":1,"column":17},"end":{"line":1,"column":36}},"1":{"start":{"line":3,"column":15},"end":{"line":3,"column":30}},"2":{"start":{"line":5,"column":23},"end":{"line":22,"column":1}},"3":{"start":{"line":24,"column":17},"end":{"line":24,"column":58}},"4":{"start":{"line":26,"column":0},"end":{"line":26,"column":26}}},"fnMap":{},"branchMap":{},"s":{"0":1,"1":1,"2":1,"3":1,"4":1},"f":{},"b":{},"_coverageSchema":"1a1c01bbd47fc00a2c39e90264f33305004495a9","hash":"1fdccbde5e2262a8ff9e3a3cbc5fa18dc5d6cba2"}
,"D:\\Utilisateurs\\MedAmineBouarrouj\\Bureau\\PFE EY\\Application\\Backoffice\\backend\\Models\\user.model.js": {"path":"D:\\Utilisateurs\\MedAmineBouarrouj\\Bureau\\PFE EY\\Application\\Backoffice\\backend\\Models\\user.model.js","statementMap":{"0":{"start":{"line":1,"column":17},"end":{"line":1,"column":36}},"1":{"start":{"line":2,"column":15},"end":{"line":2,"column":34}},"2":{"start":{"line":3,"column":12},"end":{"line":3,"column":35}},"3":{"start":{"line":5,"column":15},"end":{"line":5,"column":30}},"4":{"start":{"line":7,"column":19},"end":{"line":50,"column":1}},"5":{"start":{"line":52,"column":13},"end":{"line":52,"column":47}},"6":{"start":{"line":53,"column":0},"end":{"line":69,"column":1}},"7":{"start":{"line":54,"column":17},"end":{"line":60,"column":15}},"8":{"start":{"line":61,"column":4},"end":{"line":63,"column":5}},"9":{"start":{"line":62,"column":8},"end":{"line":62,"column":21}},"10":{"start":{"line":64,"column":28},"end":{"line":64,"column":73}},"11":{"start":{"line":65,"column":4},"end":{"line":67,"column":5}},"12":{"start":{"line":66,"column":8},"end":{"line":66,"column":53}},"13":{"start":{"line":68,"column":4},"end":{"line":68,"column":16}},"14":{"start":{"line":71,"column":0},"end":{"line":71,"column":32}},"15":{"start":{"line":72,"column":0},"end":{"line":79,"column":1}},"16":{"start":{"line":73,"column":4},"end":{"line":73,"column":21}},"17":{"start":{"line":74,"column":18},"end":{"line":77,"column":5}},"18":{"start":{"line":78,"column":4},"end":{"line":78,"column":17}},"19":{"start":{"line":81,"column":0},"end":{"line":81,"column":22}}},"fnMap":{"0":{"name":"(anonymous_0)","decl":{"start":{"line":53,"column":25},"end":{"line":53,"column":26}},"loc":{"start":{"line":53,"column":52},"end":{"line":69,"column":1}},"line":53},"1":{"name":"(anonymous_1)","decl":{"start":{"line":72,"column":25},"end":{"line":72,"column":26}},"loc":{"start":{"line":72,"column":35},"end":{"line":79,"column":1}},"line":72}},"branchMap":{"0":{"loc":{"start":{"line":61,"column":4},"end":{"line":63,"column":5}},"type":"if","locations":[{"start":{"line":61,"column":4},"end":{"line":63,"column":5}},{"start":{"line":61,"column":4},"end":{"line":63,"column":5}}],"line":61},"1":{"loc":{"start":{"line":65,"column":4},"end":{"line":67,"column":5}},"type":"if","locations":[{"start":{"line":65,"column":4},"end":{"line":67,"column":5}},{"start":{"line":65,"column":4},"end":{"line":67,"column":5}}],"line":65}},"s":{"0":1,"1":1,"2":1,"3":1,"4":1,"5":1,"6":1,"7":0,"8":0,"9":0,"10":0,"11":0,"12":0,"13":0,"14":1,"15":1,"16":0,"17":0,"18":0,"19":1},"f":{"0":0,"1":0},"b":{"0":[0,0],"1":[0,0]},"_coverageSchema":"1a1c01bbd47fc00a2c39e90264f33305004495a9","hash":"d0ac7846b133b8ed70532618864e910d9b4984a2"}
,"D:\\Utilisateurs\\MedAmineBouarrouj\\Bureau\\PFE EY\\Application\\Backoffice\\backend\\Routes\\challenges.js": {"path":"D:\\Utilisateurs\\MedAmineBouarrouj\\Bureau\\PFE EY\\Application\\Backoffice\\backend\\Routes\\challenges.js","statementMap":{"0":{"start":{"line":1,"column":12},"end":{"line":1,"column":39}},"1":{"start":{"line":2,"column":26},"end":{"line":2,"column":72}},"2":{"start":{"line":3,"column":13},"end":{"line":3,"column":54}},"3":{"start":{"line":6,"column":0},"end":{"line":6,"column":51}},"4":{"start":{"line":8,"column":0},"end":{"line":8,"column":62}},"5":{"start":{"line":10,"column":0},"end":{"line":10,"column":59}},"6":{"start":{"line":12,"column":0},"end":{"line":12,"column":69}},"7":{"start":{"line":14,"column":0},"end":{"line":14,"column":54}},"8":{"start":{"line":16,"column":0},"end":{"line":16,"column":71}},"9":{"start":{"line":19,"column":0},"end":{"line":19,"column":71}},"10":{"start":{"line":21,"column":0},"end":{"line":21,"column":67}},"11":{"start":{"line":23,"column":0},"end":{"line":23,"column":23}}},"fnMap":{},"branchMap":{},"s":{"0":1,"1":1,"2":1,"3":1,"4":1,"5":1,"6":1,"7":1,"8":1,"9":1,"10":1,"11":1},"f":{},"b":{},"_coverageSchema":"1a1c01bbd47fc00a2c39e90264f33305004495a9","hash":"f94178a18f04a0f9184ae3a0d7f5d16c66dfa7a7"}
,"D:\\Utilisateurs\\MedAmineBouarrouj\\Bureau\\PFE EY\\Application\\Backoffice\\backend\\Routes\\domaines.js": {"path":"D:\\Utilisateurs\\MedAmineBouarrouj\\Bureau\\PFE EY\\Application\\Backoffice\\backend\\Routes\\domaines.js","statementMap":{"0":{"start":{"line":1,"column":12},"end":{"line":1,"column":39}},"1":{"start":{"line":2,"column":23},"end":{"line":2,"column":67}},"2":{"start":{"line":6,"column":0},"end":{"line":6,"column":47}},"3":{"start":{"line":8,"column":0},"end":{"line":8,"column":58}},"4":{"start":{"line":10,"column":0},"end":{"line":10,"column":55}},"5":{"start":{"line":12,"column":0},"end":{"line":12,"column":65}},"6":{"start":{"line":14,"column":0},"end":{"line":14,"column":61}},"7":{"start":{"line":16,"column":0},"end":{"line":16,"column":50}},"8":{"start":{"line":18,"column":0},"end":{"line":18,"column":67}},"9":{"start":{"line":22,"column":0},"end":{"line":22,"column":67}},"10":{"start":{"line":25,"column":0},"end":{"line":25,"column":23}}},"fnMap":{},"branchMap":{},"s":{"0":1,"1":1,"2":1,"3":1,"4":1,"5":1,"6":1,"7":1,"8":1,"9":1,"10":1},"f":{},"b":{},"_coverageSchema":"1a1c01bbd47fc00a2c39e90264f33305004495a9","hash":"139244d644b8dc745d739542c22a3303c74b5366"}
,"D:\\Utilisateurs\\MedAmineBouarrouj\\Bureau\\PFE EY\\Application\\Backoffice\\backend\\Routes\\revendications.js": {"path":"D:\\Utilisateurs\\MedAmineBouarrouj\\Bureau\\PFE EY\\Application\\Backoffice\\backend\\Routes\\revendications.js","statementMap":{"0":{"start":{"line":1,"column":12},"end":{"line":1,"column":39}},"1":{"start":{"line":2,"column":30},"end":{"line":2,"column":80}},"2":{"start":{"line":3,"column":13},"end":{"line":3,"column":54}},"3":{"start":{"line":6,"column":0},"end":{"line":6,"column":59}},"4":{"start":{"line":8,"column":0},"end":{"line":8,"column":70}},"5":{"start":{"line":10,"column":0},"end":{"line":10,"column":67}},"6":{"start":{"line":12,"column":0},"end":{"line":12,"column":77}},"7":{"start":{"line":14,"column":0},"end":{"line":14,"column":62}},"8":{"start":{"line":16,"column":0},"end":{"line":16,"column":23}}},"fnMap":{},"branchMap":{},"s":{"0":1,"1":1,"2":1,"3":1,"4":1,"5":1,"6":1,"7":1,"8":1},"f":{},"b":{},"_coverageSchema":"1a1c01bbd47fc00a2c39e90264f33305004495a9","hash":"14fa55423e22aa2a3af356d87bff87580cf34ac3"}
,"D:\\Utilisateurs\\MedAmineBouarrouj\\Bureau\\PFE EY\\Application\\Backoffice\\backend\\Routes\\secteurs.js": {"path":"D:\\Utilisateurs\\MedAmineBouarrouj\\Bureau\\PFE EY\\Application\\Backoffice\\backend\\Routes\\secteurs.js","statementMap":{"0":{"start":{"line":1,"column":14},"end":{"line":1,"column":41}},"1":{"start":{"line":2,"column":23},"end":{"line":2,"column":67}},"2":{"start":{"line":4,"column":0},"end":{"line":4,"column":47}},"3":{"start":{"line":6,"column":0},"end":{"line":6,"column":58}},"4":{"start":{"line":8,"column":0},"end":{"line":8,"column":55}},"5":{"start":{"line":10,"column":0},"end":{"line":10,"column":65}},"6":{"start":{"line":12,"column":0},"end":{"line":12,"column":50}},"7":{"start":{"line":14,"column":0},"end":{"line":14,"column":45}},"8":{"start":{"line":16,"column":0},"end":{"line":16,"column":52}},"9":{"start":{"line":19,"column":0},"end":{"line":19,"column":23}}},"fnMap":{},"branchMap":{},"s":{"0":1,"1":1,"2":1,"3":1,"4":1,"5":1,"6":1,"7":1,"8":1,"9":1},"f":{},"b":{},"_coverageSchema":"1a1c01bbd47fc00a2c39e90264f33305004495a9","hash":"93dde6edd0b9a4e162a1d9178e7193a791a101df"}
,"D:\\Utilisateurs\\MedAmineBouarrouj\\Bureau\\PFE EY\\Application\\Backoffice\\backend\\Routes\\startups.js": {"path":"D:\\Utilisateurs\\MedAmineBouarrouj\\Bureau\\PFE EY\\Application\\Backoffice\\backend\\Routes\\startups.js","statementMap":{"0":{"start":{"line":1,"column":12},"end":{"line":1,"column":39}},"1":{"start":{"line":2,"column":24},"end":{"line":2,"column":68}},"2":{"start":{"line":4,"column":0},"end":{"line":4,"column":47}},"3":{"start":{"line":6,"column":0},"end":{"line":6,"column":58}},"4":{"start":{"line":8,"column":0},"end":{"line":8,"column":55}},"5":{"start":{"line":10,"column":0},"end":{"line":10,"column":65}},"6":{"start":{"line":12,"column":0},"end":{"line":12,"column":74}},"7":{"start":{"line":14,"column":0},"end":{"line":14,"column":60}},"8":{"start":{"line":16,"column":0},"end":{"line":16,"column":50}},"9":{"start":{"line":18,"column":0},"end":{"line":18,"column":53}},"10":{"start":{"line":20,"column":0},"end":{"line":20,"column":63}},"11":{"start":{"line":22,"column":0},"end":{"line":22,"column":23}}},"fnMap":{},"branchMap":{},"s":{"0":1,"1":1,"2":1,"3":1,"4":1,"5":1,"6":1,"7":1,"8":1,"9":1,"10":1,"11":1},"f":{},"b":{},"_coverageSchema":"1a1c01bbd47fc00a2c39e90264f33305004495a9","hash":"8832cebe8e43c34776565bed51d25805be2d6fbd"}
,"D:\\Utilisateurs\\MedAmineBouarrouj\\Bureau\\PFE EY\\Application\\Backoffice\\backend\\Routes\\tendances.js": {"path":"D:\\Utilisateurs\\MedAmineBouarrouj\\Bureau\\PFE EY\\Application\\Backoffice\\backend\\Routes\\tendances.js","statementMap":{"0":{"start":{"line":1,"column":12},"end":{"line":1,"column":39}},"1":{"start":{"line":2,"column":26},"end":{"line":2,"column":72}},"2":{"start":{"line":6,"column":0},"end":{"line":6,"column":51}},"3":{"start":{"line":8,"column":0},"end":{"line":8,"column":58}},"4":{"start":{"line":10,"column":0},"end":{"line":10,"column":53}},"5":{"start":{"line":13,"column":0},"end":{"line":13,"column":68}},"6":{"start":{"line":16,"column":0},"end":{"line":16,"column":79}},"7":{"start":{"line":18,"column":0},"end":{"line":18,"column":83}},"8":{"start":{"line":20,"column":0},"end":{"line":20,"column":79}},"9":{"start":{"line":24,"column":0},"end":{"line":24,"column":23}}},"fnMap":{},"branchMap":{},"s":{"0":1,"1":1,"2":1,"3":1,"4":1,"5":1,"6":1,"7":1,"8":1,"9":1},"f":{},"b":{},"_coverageSchema":"1a1c01bbd47fc00a2c39e90264f33305004495a9","hash":"204b8a10c8468dc6fa82c72b71a31c5b3cdd5590"}
,"D:\\Utilisateurs\\MedAmineBouarrouj\\Bureau\\PFE EY\\Application\\Backoffice\\backend\\Routes\\users.js": {"path":"D:\\Utilisateurs\\MedAmineBouarrouj\\Bureau\\PFE EY\\Application\\Backoffice\\backend\\Routes\\users.js","statementMap":{"0":{"start":{"line":1,"column":14},"end":{"line":1,"column":41}},"1":{"start":{"line":2,"column":12},"end":{"line":2,"column":43}},"2":{"start":{"line":3,"column":21},"end":{"line":3,"column":62}},"3":{"start":{"line":4,"column":11},"end":{"line":4,"column":52}},"4":{"start":{"line":6,"column":0},"end":{"line":10,"column":3}},"5":{"start":{"line":7,"column":4},"end":{"line":9,"column":59}},"6":{"start":{"line":8,"column":23},"end":{"line":8,"column":38}},"7":{"start":{"line":9,"column":22},"end":{"line":9,"column":57}},"8":{"start":{"line":12,"column":0},"end":{"line":12,"column":56}},"9":{"start":{"line":14,"column":0},"end":{"line":14,"column":50}},"10":{"start":{"line":16,"column":0},"end":{"line":16,"column":66}},"11":{"start":{"line":18,"column":0},"end":{"line":18,"column":59}},"12":{"start":{"line":20,"column":0},"end":{"line":20,"column":64}},"13":{"start":{"line":22,"column":0},"end":{"line":22,"column":23}}},"fnMap":{"0":{"name":"(anonymous_0)","decl":{"start":{"line":6,"column":22},"end":{"line":6,"column":23}},"loc":{"start":{"line":6,"column":35},"end":{"line":10,"column":1}},"line":6},"1":{"name":"(anonymous_1)","decl":{"start":{"line":8,"column":14},"end":{"line":8,"column":15}},"loc":{"start":{"line":8,"column":23},"end":{"line":8,"column":38}},"line":8},"2":{"name":"(anonymous_2)","decl":{"start":{"line":9,"column":15},"end":{"line":9,"column":16}},"loc":{"start":{"line":9,"column":22},"end":{"line":9,"column":57}},"line":9}},"branchMap":{},"s":{"0":1,"1":1,"2":1,"3":1,"4":1,"5":0,"6":0,"7":0,"8":1,"9":1,"10":1,"11":1,"12":1,"13":1},"f":{"0":0,"1":0,"2":0},"b":{},"_coverageSchema":"1a1c01bbd47fc00a2c39e90264f33305004495a9","hash":"ba696a93d7abfaefdf30c08a889911780554751c"}
,"D:\\Utilisateurs\\MedAmineBouarrouj\\Bureau\\PFE EY\\Application\\Backoffice\\backend\\middleware\\authentification.js": {"path":"D:\\Utilisateurs\\MedAmineBouarrouj\\Bureau\\PFE EY\\Application\\Backoffice\\backend\\middleware\\authentification.js","statementMap":{"0":{"start":{"line":1,"column":12},"end":{"line":1,"column":35}},"1":{"start":{"line":2,"column":10},"end":{"line":2,"column":41}},"2":{"start":{"line":4,"column":13},"end":{"line":23,"column":1}},"3":{"start":{"line":5,"column":18},"end":{"line":5,"column":45}},"4":{"start":{"line":6,"column":17},"end":{"line":6,"column":55}},"5":{"start":{"line":8,"column":4},"end":{"line":21,"column":5}},"6":{"start":{"line":9,"column":8},"end":{"line":11,"column":9}},"7":{"start":{"line":10,"column":12},"end":{"line":10,"column":53}},"8":{"start":{"line":12,"column":8},"end":{"line":14,"column":9}},"9":{"start":{"line":13,"column":12},"end":{"line":13,"column":29}},"10":{"start":{"line":15,"column":8},"end":{"line":15,"column":23}},"11":{"start":{"line":16,"column":8},"end":{"line":16,"column":25}},"12":{"start":{"line":17,"column":8},"end":{"line":17,"column":28}},"13":{"start":{"line":18,"column":8},"end":{"line":18,"column":14}},"14":{"start":{"line":20,"column":8},"end":{"line":20,"column":79}},"15":{"start":{"line":24,"column":0},"end":{"line":24,"column":21}}},"fnMap":{"0":{"name":"(anonymous_0)","decl":{"start":{"line":4,"column":13},"end":{"line":4,"column":14}},"loc":{"start":{"line":4,"column":38},"end":{"line":23,"column":1}},"line":4}},"branchMap":{"0":{"loc":{"start":{"line":9,"column":8},"end":{"line":11,"column":9}},"type":"if","locations":[{"start":{"line":9,"column":8},"end":{"line":11,"column":9}},{"start":{"line":9,"column":8},"end":{"line":11,"column":9}}],"line":9},"1":{"loc":{"start":{"line":12,"column":8},"end":{"line":14,"column":9}},"type":"if","locations":[{"start":{"line":12,"column":8},"end":{"line":14,"column":9}},{"start":{"line":12,"column":8},"end":{"line":14,"column":9}}],"line":12}},"s":{"0":1,"1":1,"2":1,"3":0,"4":0,"5":0,"6":0,"7":0,"8":0,"9":0,"10":0,"11":0,"12":0,"13":0,"14":0,"15":1},"f":{"0":0},"b":{"0":[0,0],"1":[0,0]},"_coverageSchema":"1a1c01bbd47fc00a2c39e90264f33305004495a9","hash":"11099d865af98fd571a05aa729d3e172a0c3d1b1"}
,"D:\\Utilisateurs\\MedAmineBouarrouj\\Bureau\\PFE EY\\Application\\Backoffice\\backend\\middleware\\upload.js": {"path":"D:\\Utilisateurs\\MedAmineBouarrouj\\Bureau\\PFE EY\\Application\\Backoffice\\backend\\middleware\\upload.js","statementMap":{"0":{"start":{"line":1,"column":13},"end":{"line":1,"column":28}},"1":{"start":{"line":2,"column":13},"end":{"line":2,"column":28}},"2":{"start":{"line":3,"column":15},"end":{"line":3,"column":32}},"3":{"start":{"line":5,"column":14},"end":{"line":20,"column":2}},"4":{"start":{"line":7,"column":8},"end":{"line":7,"column":61}},"5":{"start":{"line":10,"column":22},"end":{"line":10,"column":49}},"6":{"start":{"line":12,"column":8},"end":{"line":15,"column":9}},"7":{"start":{"line":13,"column":26},"end":{"line":13,"column":82}},"8":{"start":{"line":14,"column":12},"end":{"line":14,"column":43}},"9":{"start":{"line":17,"column":23},"end":{"line":17,"column":68}},"10":{"start":{"line":18,"column":8},"end":{"line":18,"column":33}},"11":{"start":{"line":22,"column":18},"end":{"line":22,"column":71}},"12":{"start":{"line":23,"column":28},"end":{"line":23,"column":55}},"13":{"start":{"line":24,"column":0},"end":{"line":24,"column":39}}},"fnMap":{"0":{"name":"(anonymous_0)","decl":{"start":{"line":6,"column":17},"end":{"line":6,"column":18}},"loc":{"start":{"line":6,"column":42},"end":{"line":8,"column":5}},"line":6},"1":{"name":"(anonymous_1)","decl":{"start":{"line":9,"column":14},"end":{"line":9,"column":15}},"loc":{"start":{"line":9,"column":39},"end":{"line":19,"column":5}},"line":9}},"branchMap":{"0":{"loc":{"start":{"line":12,"column":8},"end":{"line":15,"column":9}},"type":"if","locations":[{"start":{"line":12,"column":8},"end":{"line":15,"column":9}},{"start":{"line":12,"column":8},"end":{"line":15,"column":9}}],"line":12}},"s":{"0":1,"1":1,"2":1,"3":1,"4":0,"5":0,"6":0,"7":0,"8":0,"9":0,"10":0,"11":1,"12":1,"13":1},"f":{"0":0,"1":0},"b":{"0":[0,0]},"_coverageSchema":"1a1c01bbd47fc00a2c39e90264f33305004495a9","hash":"75c94b4d6da08bd4b4bbd7e12a07a9d6147d37ca"}
,"D:\\Utilisateurs\\MedAmineBouarrouj\\Bureau\\PFE EY\\Application\\Backoffice\\backend\\tests\\db-handler.js": {"path":"D:\\Utilisateurs\\MedAmineBouarrouj\\Bureau\\PFE EY\\Application\\Backoffice\\backend\\tests\\db-handler.js","statementMap":{"0":{"start":{"line":1,"column":17},"end":{"line":1,"column":36}},"1":{"start":{"line":2,"column":30},"end":{"line":2,"column":62}},"2":{"start":{"line":4,"column":20},"end":{"line":4,"column":43}},"3":{"start":{"line":6,"column":13},"end":{"line":9,"column":1}},"4":{"start":{"line":12,"column":16},"end":{"line":22,"column":1}},"5":{"start":{"line":14,"column":4},"end":{"line":14,"column":32}},"6":{"start":{"line":16,"column":21},"end":{"line":16,"column":47}},"7":{"start":{"line":17,"column":4},"end":{"line":21,"column":7}},"8":{"start":{"line":18,"column":8},"end":{"line":20,"column":9}},"9":{"start":{"line":19,"column":12},"end":{"line":19,"column":31}},"10":{"start":{"line":25,"column":14},"end":{"line":28,"column":1}},"11":{"start":{"line":26,"column":4},"end":{"line":26,"column":32}},"12":{"start":{"line":27,"column":4},"end":{"line":27,"column":29}},"13":{"start":{"line":31,"column":14},"end":{"line":37,"column":1}},"14":{"start":{"line":32,"column":24},"end":{"line":32,"column":55}},"15":{"start":{"line":34,"column":4},"end":{"line":36,"column":5}},"16":{"start":{"line":35,"column":8},"end":{"line":35,"column":44}},"17":{"start":{"line":39,"column":0},"end":{"line":43,"column":2}}},"fnMap":{"0":{"name":"(anonymous_0)","decl":{"start":{"line":12,"column":16},"end":{"line":12,"column":17}},"loc":{"start":{"line":12,"column":28},"end":{"line":22,"column":1}},"line":12},"1":{"name":"(anonymous_1)","decl":{"start":{"line":17,"column":43},"end":{"line":17,"column":44}},"loc":{"start":{"line":17,"column":50},"end":{"line":21,"column":5}},"line":17},"2":{"name":"(anonymous_2)","decl":{"start":{"line":25,"column":14},"end":{"line":25,"column":15}},"loc":{"start":{"line":25,"column":26},"end":{"line":28,"column":1}},"line":25},"3":{"name":"(anonymous_3)","decl":{"start":{"line":31,"column":14},"end":{"line":31,"column":15}},"loc":{"start":{"line":31,"column":26},"end":{"line":37,"column":1}},"line":31}},"branchMap":{"0":{"loc":{"start":{"line":18,"column":8},"end":{"line":20,"column":9}},"type":"if","locations":[{"start":{"line":18,"column":8},"end":{"line":20,"column":9}},{"start":{"line":18,"column":8},"end":{"line":20,"column":9}}],"line":18}},"s":{"0":1,"1":1,"2":1,"3":1,"4":1,"5":1,"6":1,"7":1,"8":1,"9":0,"10":1,"11":1,"12":1,"13":1,"14":1,"15":1,"16":7,"17":1},"f":{"0":1,"1":1,"2":1,"3":1},"b":{"0":[0,1]},"_coverageSchema":"1a1c01bbd47fc00a2c39e90264f33305004495a9","hash":"ef9cfe135476417d4f20196357ade257082f23f9"}
}
